This is pdfTeX, Version 3.141592653-2.6-1.40.26 (MiKTeX 24.4) (preloaded format=pdflatex 2025.2.12)  1 MAR 2026 19:35
entering extended mode
 restricted \write18 enabled.
 %&-line parsing enabled.
**"d:/--- LYCEE ---/ENSEIGNEMENT_G/lvh/docs/CIEL/C107-Integration/tp/C107-TP1-integration_correction.tex"
(d:/--- LYCEE ---/ENSEIGNEMENT_G/lvh/docs/CIEL/C107-Integration/tp/C107-TP1-integration_correction.tex
LaTeX2e <2024-11-01> patch level 2
L3 programming layer <2025-01-18>
(C:\Users\thoma\AppData\Local\Programs\MiKTeX\tex/latex/base\report.cls
Document Class: report 2024/06/29 v1.4n Standard LaTeX document class
(C:\Users\thoma\AppData\Local\Programs\MiKTeX\tex/latex/base\size10.clo
File: size10.clo 2024/06/29 v1.4n Standard LaTeX file (size option)
)
\c@part=\count196
\c@chapter=\count197
\c@section=\count198
\c@subsection=\count199
\c@subsubsection=\count266
\c@paragraph=\count267
\c@subparagraph=\count268
\c@figure=\count269
\c@table=\count270
\abovecaptionskip=\skip49
\belowcaptionskip=\skip50
\bibindent=\dimen141
) (../../../../../preambule/preambule.sty (../../../../../preambule/pr_packages.sty (C:\Users\thoma\AppData\Local\Programs\MiKTeX\tex/latex/proflycee\ProfLycee.sty
Package: ProfLycee 2024/10/30 3.10f Aide pour l'utilisation de LaTeX en lycee
 (C:\Users\thoma\AppData\Local\Programs\MiKTeX\tex/latex/mathtools\mathtools.sty
Package: mathtools 2024/10/04 v1.31 mathematical typesetting tools
 (C:\Users\thoma\AppData\Local\Programs\MiKTeX\tex/latex/graphics\keyval.sty
Package: keyval 2022/05/29 v1.15 key=value parser (DPC)
\KV@toks@=\toks17
) (C:\Users\thoma\AppData\Local\Programs\MiKTeX\tex/latex/tools\calc.sty
Package: calc 2023/07/08 v4.3 Infix arithmetic (KKT,FJ)
\calc@Acount=\count271
\calc@Bcount=\count272
\calc@Adimen=\dimen142
\calc@Bdimen=\dimen143
\calc@Askip=\skip51
\calc@Bskip=\skip52
LaTeX Info: Redefining \setlength on input line 80.
LaTeX Info: Redefining \addtolength on input line 81.
\calc@Ccount=\count273
\calc@Cskip=\skip53
) (C:\Users\thoma\AppData\Local\Programs\MiKTeX\tex/latex/mathtools\mhsetup.sty
Package: mhsetup 2021/03/18 v1.4 programming setup (MH)
) (C:\Users\thoma\AppData\Local\Programs\MiKTeX\tex/latex/amsmath\amsmath.sty
Package: amsmath 2024/11/05 v2.17t AMS math features
\@mathmargin=\skip54

For additional information on amsmath, use the `?' option.
(C:\Users\thoma\AppData\Local\Programs\MiKTeX\tex/latex/amsmath\amstext.sty
Package: amstext 2021/08/26 v2.01 AMS text
 (C:\Users\thoma\AppData\Local\Programs\MiKTeX\tex/latex/amsmath\amsgen.sty
File: amsgen.sty 1999/11/30 v2.0 generic functions
\@emptytoks=\toks18
\ex@=\dimen144
)) (C:\Users\thoma\AppData\Local\Programs\MiKTeX\tex/latex/amsmath\amsbsy.sty
Package: amsbsy 1999/11/29 v1.2d Bold Symbols
\pmbraise@=\dimen145
) (C:\Users\thoma\AppData\Local\Programs\MiKTeX\tex/latex/amsmath\amsopn.sty
Package: amsopn 2022/04/08 v2.04 operator names
)
\inf@bad=\count274
LaTeX Info: Redefining \frac on input line 233.
\uproot@=\count275
\leftroot@=\count276
LaTeX Info: Redefining \overline on input line 398.
LaTeX Info: Redefining \colon on input line 409.
\classnum@=\count277
\DOTSCASE@=\count278
LaTeX Info: Redefining \ldots on input line 495.
LaTeX Info: Redefining \dots on input line 498.
LaTeX Info: Redefining \cdots on input line 619.
\Mathstrutbox@=\box52
\strutbox@=\box53
LaTeX Info: Redefining \big on input line 721.
LaTeX Info: Redefining \Big on input line 722.
LaTeX Info: Redefining \bigg on input line 723.
LaTeX Info: Redefining \Bigg on input line 724.
\big@size=\dimen146
LaTeX Font Info:    Redeclaring font encoding OML on input line 742.
LaTeX Font Info:    Redeclaring font encoding OMS on input line 743.
\macc@depth=\count279
LaTeX Info: Redefining \bmod on input line 904.
LaTeX Info: Redefining \pmod on input line 909.
LaTeX Info: Redefining \smash on input line 939.
LaTeX Info: Redefining \relbar on input line 969.
LaTeX Info: Redefining \Relbar on input line 970.
\c@MaxMatrixCols=\count280
\dotsspace@=\muskip17
\c@parentequation=\count281
\dspbrk@lvl=\count282
\tag@help=\toks19
\row@=\count283
\column@=\count284
\maxfields@=\count285
\andhelp@=\toks20
\eqnshift@=\dimen147
\alignsep@=\dimen148
\tagshift@=\dimen149
\tagwidth@=\dimen150
\totwidth@=\dimen151
\lineht@=\dimen152
\@envbody=\toks21
\multlinegap=\skip55
\multlinetaggap=\skip56
\mathdisplay@stack=\toks22
LaTeX Info: Redefining \[ on input line 2953.
LaTeX Info: Redefining \] on input line 2954.
)
\g_MT_multlinerow_int=\count286
\l_MT_multwidth_dim=\dimen153
\origjot=\skip57
\l_MT_shortvdotswithinadjustabove_dim=\dimen154
\l_MT_shortvdotswithinadjustbelow_dim=\dimen155
\l_MT_above_intertext_sep=\dimen156
\l_MT_below_intertext_sep=\dimen157
\l_MT_above_shortintertext_sep=\dimen158
\l_MT_below_shortintertext_sep=\dimen159
\xmathstrut@box=\box54
\xmathstrut@dim=\dimen160
) (C:\Users\thoma\AppData\Local\Programs\MiKTeX\tex/latex/amsfonts\amssymb.sty
Package: amssymb 2013/01/14 v3.01 AMS font symbols
 (C:\Users\thoma\AppData\Local\Programs\MiKTeX\tex/latex/amsfonts\amsfonts.sty
Package: amsfonts 2013/01/14 v3.01 Basic AMSFonts support
\symAMSa=\mathgroup4
\symAMSb=\mathgroup5
LaTeX Font Info:    Redeclaring math symbol \hbar on input line 98.
LaTeX Font Info:    Overwriting math alphabet `\mathfrak' in version `bold'
(Font)                  U/euf/m/n --> U/euf/b/n on input line 106.
)) (C:\Users\thoma\AppData\Local\Programs\MiKTeX\tex/latex/pgf/frontendlayer\tikz.sty (C:\Users\thoma\AppData\Local\Programs\MiKTeX\tex/latex/pgf/basiclayer\pgf.sty (C:\Users\thoma\AppData\Local\Programs\MiKTeX\tex/latex/pgf/utilities\pgfrcs.sty (C:\Users\thoma\AppData\Local\Programs\MiKTeX\tex/generic/pgf/utilities\pgfutil-common.tex
\pgfutil@everybye=\toks23
\pgfutil@tempdima=\dimen161
\pgfutil@tempdimb=\dimen162
) (C:\Users\thoma\AppData\Local\Programs\MiKTeX\tex/generic/pgf/utilities\pgfutil-latex.def
\pgfutil@abb=\box55
) (C:\Users\thoma\AppData\Local\Programs\MiKTeX\tex/generic/pgf/utilities\pgfrcs.code.tex (C:\Users\thoma\AppData\Local\Programs\MiKTeX\tex/generic/pgf\pgf.revision.tex)
Package: pgfrcs 2023-01-15 v3.1.10 (3.1.10)
))
Package: pgf 2023-01-15 v3.1.10 (3.1.10)
 (C:\Users\thoma\AppData\Local\Programs\MiKTeX\tex/latex/pgf/basiclayer\pgfcore.sty (C:\Users\thoma\AppData\Local\Programs\MiKTeX\tex/latex/graphics\graphicx.sty
Package: graphicx 2021/09/16 v1.2d Enhanced LaTeX Graphics (DPC,SPQR)
 (C:\Users\thoma\AppData\Local\Programs\MiKTeX\tex/latex/graphics\graphics.sty
Package: graphics 2024/08/06 v1.4g Standard LaTeX Graphics (DPC,SPQR)
 (C:\Users\thoma\AppData\Local\Programs\MiKTeX\tex/latex/graphics\trig.sty
Package: trig 2023/12/02 v1.11 sin cos tan (DPC)
) (C:\Users\thoma\AppData\Local\Programs\MiKTeX\tex/latex/graphics-cfg\graphics.cfg
File: graphics.cfg 2016/06/04 v1.11 sample graphics configuration
)
Package graphics Info: Driver file: pdftex.def on input line 106.
 (C:\Users\thoma\AppData\Local\Programs\MiKTeX\tex/latex/graphics-def\pdftex.def
File: pdftex.def 2024/04/13 v1.2c Graphics/color driver for pdftex
))
\Gin@req@height=\dimen163
\Gin@req@width=\dimen164
) (C:\Users\thoma\AppData\Local\Programs\MiKTeX\tex/latex/pgf/systemlayer\pgfsys.sty (C:\Users\thoma\AppData\Local\Programs\MiKTeX\tex/generic/pgf/systemlayer\pgfsys.code.tex
Package: pgfsys 2023-01-15 v3.1.10 (3.1.10)
 (C:\Users\thoma\AppData\Local\Programs\MiKTeX\tex/generic/pgf/utilities\pgfkeys.code.tex
\pgfkeys@pathtoks=\toks24
\pgfkeys@temptoks=\toks25
 (C:\Users\thoma\AppData\Local\Programs\MiKTeX\tex/generic/pgf/utilities\pgfkeyslibraryfiltered.code.tex
\pgfkeys@tmptoks=\toks26
))
\pgf@x=\dimen165
\pgf@y=\dimen166
\pgf@xa=\dimen167
\pgf@ya=\dimen168
\pgf@xb=\dimen169
\pgf@yb=\dimen170
\pgf@xc=\dimen171
\pgf@yc=\dimen172
\pgf@xd=\dimen173
\pgf@yd=\dimen174
\w@pgf@writea=\write3
\r@pgf@reada=\read2
\c@pgf@counta=\count287
\c@pgf@countb=\count288
\c@pgf@countc=\count289
\c@pgf@countd=\count290
\t@pgf@toka=\toks27
\t@pgf@tokb=\toks28
\t@pgf@tokc=\toks29
\pgf@sys@id@count=\count291
 (C:\Users\thoma\AppData\Local\Programs\MiKTeX\tex/generic/pgf/systemlayer\pgf.cfg
File: pgf.cfg 2023-01-15 v3.1.10 (3.1.10)
)
Driver file for pgf: pgfsys-pdftex.def
 (C:\Users\thoma\AppData\Local\Programs\MiKTeX\tex/generic/pgf/systemlayer\pgfsys-pdftex.def
File: pgfsys-pdftex.def 2023-01-15 v3.1.10 (3.1.10)
 (C:\Users\thoma\AppData\Local\Programs\MiKTeX\tex/generic/pgf/systemlayer\pgfsys-common-pdf.def
File: pgfsys-common-pdf.def 2023-01-15 v3.1.10 (3.1.10)
))) (C:\Users\thoma\AppData\Local\Programs\MiKTeX\tex/generic/pgf/systemlayer\pgfsyssoftpath.code.tex
File: pgfsyssoftpath.code.tex 2023-01-15 v3.1.10 (3.1.10)
\pgfsyssoftpath@smallbuffer@items=\count292
\pgfsyssoftpath@bigbuffer@items=\count293
) (C:\Users\thoma\AppData\Local\Programs\MiKTeX\tex/generic/pgf/systemlayer\pgfsysprotocol.code.tex
File: pgfsysprotocol.code.tex 2023-01-15 v3.1.10 (3.1.10)
)) (C:\Users\thoma\AppData\Local\Programs\MiKTeX\tex/latex/xcolor\xcolor.sty
Package: xcolor 2024/09/29 v3.02 LaTeX color extensions (UK)
 (C:\Users\thoma\AppData\Local\Programs\MiKTeX\tex/latex/graphics-cfg\color.cfg
File: color.cfg 2016/01/02 v1.6 sample color configuration
)
Package xcolor Info: Driver file: pdftex.def on input line 274.
 (C:\Users\thoma\AppData\Local\Programs\MiKTeX\tex/latex/graphics\mathcolor.ltx)
Package xcolor Info: Model `cmy' substituted by `cmy0' on input line 1349.
Package xcolor Info: Model `hsb' substituted by `rgb' on input line 1353.
Package xcolor Info: Model `RGB' extended on input line 1365.
Package xcolor Info: Model `HTML' substituted by `rgb' on input line 1367.
Package xcolor Info: Model `Hsb' substituted by `hsb' on input line 1368.
Package xcolor Info: Model `tHsb' substituted by `hsb' on input line 1369.
Package xcolor Info: Model `HSB' substituted by `hsb' on input line 1370.
Package xcolor Info: Model `Gray' substituted by `gray' on input line 1371.
Package xcolor Info: Model `wave' substituted by `hsb' on input line 1372.
) (C:\Users\thoma\AppData\Local\Programs\MiKTeX\tex/generic/pgf/basiclayer\pgfcore.code.tex
Package: pgfcore 2023-01-15 v3.1.10 (3.1.10)
 (C:\Users\thoma\AppData\Local\Programs\MiKTeX\tex/generic/pgf/math\pgfmath.code.tex (C:\Users\thoma\AppData\Local\Programs\MiKTeX\tex/generic/pgf/math\pgfmathutil.code.tex) (C:\Users\thoma\AppData\Local\Programs\MiKTeX\tex/generic/pgf/math\pgfmathparser.code.tex
\pgfmath@dimen=\dimen175
\pgfmath@count=\count294
\pgfmath@box=\box56
\pgfmath@toks=\toks30
\pgfmath@stack@operand=\toks31
\pgfmath@stack@operation=\toks32
) (C:\Users\thoma\AppData\Local\Programs\MiKTeX\tex/generic/pgf/math\pgfmathfunctions.code.tex) (C:\Users\thoma\AppData\Local\Programs\MiKTeX\tex/generic/pgf/math\pgfmathfunctions.basic.code.tex) (C:\Users\thoma\AppData\Local\Programs\MiKTeX\tex/generic/pgf/math\pgfmathfunctions.trigonometric.code.tex) (C:\Users\thoma\AppData\Local\Programs\MiKTeX\tex/generic/pgf/math\pgfmathfunctions.random.code.tex) (C:\Users\thoma\AppData\Local\Programs\MiKTeX\tex/generic/pgf/math\pgfmathfunctions.comparison.code.tex) (C:\Users\thoma\AppData\Local\Programs\MiKTeX\tex/generic/pgf/math\pgfmathfunctions.base.code.tex) (C:\Users\thoma\AppData\Local\Programs\MiKTeX\tex/generic/pgf/math\pgfmathfunctions.round.code.tex) (C:\Users\thoma\AppData\Local\Programs\MiKTeX\tex/generic/pgf/math\pgfmathfunctions.misc.code.tex) (C:\Users\thoma\AppData\Local\Programs\MiKTeX\tex/generic/pgf/math\pgfmathfunctions.integerarithmetics.code.tex) (C:\Users\thoma\AppData\Local\Programs\MiKTeX\tex/generic/pgf/math\pgfmathcalc.code.tex) (C:\Users\thoma\AppData\Local\Programs\MiKTeX\tex/generic/pgf/math\pgfmathfloat.code.tex
\c@pgfmathroundto@lastzeros=\count295
)) (C:\Users\thoma\AppData\Local\Programs\MiKTeX\tex/generic/pgf/math\pgfint.code.tex) (C:\Users\thoma\AppData\Local\Programs\MiKTeX\tex/generic/pgf/basiclayer\pgfcorepoints.code.tex
File: pgfcorepoints.code.tex 2023-01-15 v3.1.10 (3.1.10)
\pgf@picminx=\dimen176
\pgf@picmaxx=\dimen177
\pgf@picminy=\dimen178
\pgf@picmaxy=\dimen179
\pgf@pathminx=\dimen180
\pgf@pathmaxx=\dimen181
\pgf@pathminy=\dimen182
\pgf@pathmaxy=\dimen183
\pgf@xx=\dimen184
\pgf@xy=\dimen185
\pgf@yx=\dimen186
\pgf@yy=\dimen187
\pgf@zx=\dimen188
\pgf@zy=\dimen189
) (C:\Users\thoma\AppData\Local\Programs\MiKTeX\tex/generic/pgf/basiclayer\pgfcorepathconstruct.code.tex
File: pgfcorepathconstruct.code.tex 2023-01-15 v3.1.10 (3.1.10)
\pgf@path@lastx=\dimen190
\pgf@path@lasty=\dimen191
) (C:\Users\thoma\AppData\Local\Programs\MiKTeX\tex/generic/pgf/basiclayer\pgfcorepathusage.code.tex
File: pgfcorepathusage.code.tex 2023-01-15 v3.1.10 (3.1.10)
\pgf@shorten@end@additional=\dimen192
\pgf@shorten@start@additional=\dimen193
) (C:\Users\thoma\AppData\Local\Programs\MiKTeX\tex/generic/pgf/basiclayer\pgfcorescopes.code.tex
File: pgfcorescopes.code.tex 2023-01-15 v3.1.10 (3.1.10)
\pgfpic=\box57
\pgf@hbox=\box58
\pgf@layerbox@main=\box59
\pgf@picture@serial@count=\count296
) (C:\Users\thoma\AppData\Local\Programs\MiKTeX\tex/generic/pgf/basiclayer\pgfcoregraphicstate.code.tex
File: pgfcoregraphicstate.code.tex 2023-01-15 v3.1.10 (3.1.10)
\pgflinewidth=\dimen194
) (C:\Users\thoma\AppData\Local\Programs\MiKTeX\tex/generic/pgf/basiclayer\pgfcoretransformations.code.tex
File: pgfcoretransformations.code.tex 2023-01-15 v3.1.10 (3.1.10)
\pgf@pt@x=\dimen195
\pgf@pt@y=\dimen196
\pgf@pt@temp=\dimen197
) (C:\Users\thoma\AppData\Local\Programs\MiKTeX\tex/generic/pgf/basiclayer\pgfcorequick.code.tex
File: pgfcorequick.code.tex 2023-01-15 v3.1.10 (3.1.10)
) (C:\Users\thoma\AppData\Local\Programs\MiKTeX\tex/generic/pgf/basiclayer\pgfcoreobjects.code.tex
File: pgfcoreobjects.code.tex 2023-01-15 v3.1.10 (3.1.10)
) (C:\Users\thoma\AppData\Local\Programs\MiKTeX\tex/generic/pgf/basiclayer\pgfcorepathprocessing.code.tex
File: pgfcorepathprocessing.code.tex 2023-01-15 v3.1.10 (3.1.10)
) (C:\Users\thoma\AppData\Local\Programs\MiKTeX\tex/generic/pgf/basiclayer\pgfcorearrows.code.tex
File: pgfcorearrows.code.tex 2023-01-15 v3.1.10 (3.1.10)
\pgfarrowsep=\dimen198
) (C:\Users\thoma\AppData\Local\Programs\MiKTeX\tex/generic/pgf/basiclayer\pgfcoreshade.code.tex
File: pgfcoreshade.code.tex 2023-01-15 v3.1.10 (3.1.10)
\pgf@max=\dimen199
\pgf@sys@shading@range@num=\count297
\pgf@shadingcount=\count298
) (C:\Users\thoma\AppData\Local\Programs\MiKTeX\tex/generic/pgf/basiclayer\pgfcoreimage.code.tex
File: pgfcoreimage.code.tex 2023-01-15 v3.1.10 (3.1.10)
) (C:\Users\thoma\AppData\Local\Programs\MiKTeX\tex/generic/pgf/basiclayer\pgfcoreexternal.code.tex
File: pgfcoreexternal.code.tex 2023-01-15 v3.1.10 (3.1.10)
\pgfexternal@startupbox=\box60
) (C:\Users\thoma\AppData\Local\Programs\MiKTeX\tex/generic/pgf/basiclayer\pgfcorelayers.code.tex
File: pgfcorelayers.code.tex 2023-01-15 v3.1.10 (3.1.10)
) (C:\Users\thoma\AppData\Local\Programs\MiKTeX\tex/generic/pgf/basiclayer\pgfcoretransparency.code.tex
File: pgfcoretransparency.code.tex 2023-01-15 v3.1.10 (3.1.10)
) (C:\Users\thoma\AppData\Local\Programs\MiKTeX\tex/generic/pgf/basiclayer\pgfcorepatterns.code.tex
File: pgfcorepatterns.code.tex 2023-01-15 v3.1.10 (3.1.10)
) (C:\Users\thoma\AppData\Local\Programs\MiKTeX\tex/generic/pgf/basiclayer\pgfcorerdf.code.tex
File: pgfcorerdf.code.tex 2023-01-15 v3.1.10 (3.1.10)
))) (C:\Users\thoma\AppData\Local\Programs\MiKTeX\tex/generic/pgf/modules\pgfmoduleshapes.code.tex
File: pgfmoduleshapes.code.tex 2023-01-15 v3.1.10 (3.1.10)
\pgfnodeparttextbox=\box61
) (C:\Users\thoma\AppData\Local\Programs\MiKTeX\tex/generic/pgf/modules\pgfmoduleplot.code.tex
File: pgfmoduleplot.code.tex 2023-01-15 v3.1.10 (3.1.10)
) (C:\Users\thoma\AppData\Local\Programs\MiKTeX\tex/latex/pgf/compatibility\pgfcomp-version-0-65.sty
Package: pgfcomp-version-0-65 2023-01-15 v3.1.10 (3.1.10)
\pgf@nodesepstart=\dimen256
\pgf@nodesepend=\dimen257
) (C:\Users\thoma\AppData\Local\Programs\MiKTeX\tex/latex/pgf/compatibility\pgfcomp-version-1-18.sty
Package: pgfcomp-version-1-18 2023-01-15 v3.1.10 (3.1.10)
)) (C:\Users\thoma\AppData\Local\Programs\MiKTeX\tex/latex/pgf/utilities\pgffor.sty (C:\Users\thoma\AppData\Local\Programs\MiKTeX\tex/latex/pgf/utilities\pgfkeys.sty (C:\Users\thoma\AppData\Local\Programs\MiKTeX\tex/generic/pgf/utilities\pgfkeys.code.tex)) (C:\Users\thoma\AppData\Local\Programs\MiKTeX\tex/latex/pgf/math\pgfmath.sty (C:\Users\thoma\AppData\Local\Programs\MiKTeX\tex/generic/pgf/math\pgfmath.code.tex)) (C:\Users\thoma\AppData\Local\Programs\MiKTeX\tex/generic/pgf/utilities\pgffor.code.tex
Package: pgffor 2023-01-15 v3.1.10 (3.1.10)
\pgffor@iter=\dimen258
\pgffor@skip=\dimen259
\pgffor@stack=\toks33
\pgffor@toks=\toks34
)) (C:\Users\thoma\AppData\Local\Programs\MiKTeX\tex/generic/pgf/frontendlayer/tikz\tikz.code.tex
Package: tikz 2023-01-15 v3.1.10 (3.1.10)
 (C:\Users\thoma\AppData\Local\Programs\MiKTeX\tex/generic/pgf/libraries\pgflibraryplothandlers.code.tex
File: pgflibraryplothandlers.code.tex 2023-01-15 v3.1.10 (3.1.10)
\pgf@plot@mark@count=\count299
\pgfplotmarksize=\dimen260
)
\tikz@lastx=\dimen261
\tikz@lasty=\dimen262
\tikz@lastxsaved=\dimen263
\tikz@lastysaved=\dimen264
\tikz@lastmovetox=\dimen265
\tikz@lastmovetoy=\dimen266
\tikzleveldistance=\dimen267
\tikzsiblingdistance=\dimen268
\tikz@figbox=\box62
\tikz@figbox@bg=\box63
\tikz@tempbox=\box64
\tikz@tempbox@bg=\box65
\tikztreelevel=\count300
\tikznumberofchildren=\count301
\tikznumberofcurrentchild=\count302
\tikz@fig@count=\count303
 (C:\Users\thoma\AppData\Local\Programs\MiKTeX\tex/generic/pgf/modules\pgfmodulematrix.code.tex
File: pgfmodulematrix.code.tex 2023-01-15 v3.1.10 (3.1.10)
\pgfmatrixcurrentrow=\count304
\pgfmatrixcurrentcolumn=\count305
\pgf@matrix@numberofcolumns=\count306
)
\tikz@expandcount=\count307
 (C:\Users\thoma\AppData\Local\Programs\MiKTeX\tex/generic/pgf/frontendlayer/tikz/libraries\tikzlibrarytopaths.code.tex
File: tikzlibrarytopaths.code.tex 2023-01-15 v3.1.10 (3.1.10)
))) (C:\Users\thoma\AppData\Local\Programs\MiKTeX\tex/generic/pgf/frontendlayer/tikz/libraries\tikzlibrarycalc.code.tex
File: tikzlibrarycalc.code.tex 2023-01-15 v3.1.10 (3.1.10)
) (C:\Users\thoma\AppData\Local\Programs\MiKTeX\tex/generic/pgf/frontendlayer/tikz/libraries\tikzlibrarydecorations.code.tex (C:\Users\thoma\AppData\Local\Programs\MiKTeX\tex/generic/pgf/modules\pgfmoduledecorations.code.tex
\pgfdecoratedcompleteddistance=\dimen269
\pgfdecoratedremainingdistance=\dimen270
\pgfdecoratedinputsegmentcompleteddistance=\dimen271
\pgfdecoratedinputsegmentremainingdistance=\dimen272
\pgf@decorate@distancetomove=\dimen273
\pgf@decorate@repeatstate=\count308
\pgfdecorationsegmentamplitude=\dimen274
\pgfdecorationsegmentlength=\dimen275
)
\tikz@lib@dec@box=\box66
) (C:\Users\thoma\AppData\Local\Programs\MiKTeX\tex/generic/pgf/frontendlayer/tikz/libraries\tikzlibrarydecorations.pathreplacing.code.tex (C:\Users\thoma\AppData\Local\Programs\MiKTeX\tex/generic/pgf/libraries/decorations\pgflibrarydecorations.pathreplacing.code.tex)) (C:\Users\thoma\AppData\Local\Programs\MiKTeX\tex/generic/pgf/frontendlayer/tikz/libraries\tikzlibrarydecorations.markings.code.tex (C:\Users\thoma\AppData\Local\Programs\MiKTeX\tex/generic/pgf/libraries/decorations\pgflibrarydecorations.markings.code.tex)) (C:\Users\thoma\AppData\Local\Programs\MiKTeX\tex/generic/pgf/frontendlayer/tikz/libraries\tikzlibraryarrows.code.tex
File: tikzlibraryarrows.code.tex 2023-01-15 v3.1.10 (3.1.10)
 (C:\Users\thoma\AppData\Local\Programs\MiKTeX\tex/generic/pgf/libraries\pgflibraryarrows.code.tex
File: pgflibraryarrows.code.tex 2023-01-15 v3.1.10 (3.1.10)
\arrowsize=\dimen276
)) (C:\Users\thoma\AppData\Local\Programs\MiKTeX\tex/generic/pgf/libraries\pgflibraryarrows.meta.code.tex
File: pgflibraryarrows.meta.code.tex 2023-01-15 v3.1.10 (3.1.10)
\pgfarrowinset=\dimen277
\pgfarrowlength=\dimen278
\pgfarrowwidth=\dimen279
\pgfarrowlinewidth=\dimen280
) (C:\Users\thoma\AppData\Local\Programs\MiKTeX\tex/generic/pgf/frontendlayer/tikz/libraries\tikzlibraryshapes.geometric.code.tex
File: tikzlibraryshapes.geometric.code.tex 2023-01-15 v3.1.10 (3.1.10)
 (C:\Users\thoma\AppData\Local\Programs\MiKTeX\tex/generic/pgf/libraries/shapes\pgflibraryshapes.geometric.code.tex
File: pgflibraryshapes.geometric.code.tex 2023-01-15 v3.1.10 (3.1.10)
)) (C:\Users\thoma\AppData\Local\Programs\MiKTeX\tex/generic/pgf/frontendlayer/tikz/libraries\tikzlibrarydecorations.pathmorphing.code.tex (C:\Users\thoma\AppData\Local\Programs\MiKTeX\tex/generic/pgf/libraries/decorations\pgflibrarydecorations.pathmorphing.code.tex)) (C:\Users\thoma\AppData\Local\Programs\MiKTeX\tex/generic/pgf/frontendlayer/tikz/libraries\tikzlibrarybabel.code.tex
File: tikzlibrarybabel.code.tex 2023-01-15 v3.1.10 (3.1.10)
) (C:\Users\thoma\AppData\Local\Programs\MiKTeX\tex/latex/tkz-tab\tkz-tab.sty
Package: tkz-tab 2020/04/29 v2.12c variations (ctan version)
 (C:\Users\thoma\AppData\Local\Programs\MiKTeX\tex/latex/base\ifthen.sty
Package: ifthen 2024/03/16 v1.1e Standard LaTeX ifthen package (DPC)
) (C:\Users\thoma\AppData\Local\Programs\MiKTeX\tex/latex/xkeyval\xkeyval.sty
Package: xkeyval 2022/06/16 v2.9 package option processing (HA)
 (C:\Users\thoma\AppData\Local\Programs\MiKTeX\tex/generic/xkeyval\xkeyval.tex (C:\Users\thoma\AppData\Local\Programs\MiKTeX\tex/generic/xkeyval\xkvutils.tex
\XKV@toks=\toks35
\XKV@tempa@toks=\toks36
)
\XKV@depth=\count309
File: xkeyval.tex 2014/12/03 v2.7a key=value parser (HA)
)) (C:\Users\thoma\AppData\Local\Programs\MiKTeX\tex/generic/pgf/frontendlayer/tikz/libraries\tikzlibrarypatterns.code.tex
File: tikzlibrarypatterns.code.tex 2023-01-15 v3.1.10 (3.1.10)
 (C:\Users\thoma\AppData\Local\Programs\MiKTeX\tex/generic/pgf/libraries\pgflibrarypatterns.code.tex
File: pgflibrarypatterns.code.tex 2023-01-15 v3.1.10 (3.1.10)
))
\tkz@XF=\dimen281
\tkz@YF=\dimen282
\c@tkz@cnt@line=\count310
\c@tkz@cnt@lg=\count311
\c@tkz@cnt@cl=\count312
\c@tkz@cnt@pred=\count313
\c@tkz@cnt@temp=\count314
\c@tkz@cnt@arrow=\count315
\c@tkz@cnt@zone=\count316
\c@tkz@cnt@lgnext=\count317
\c@tkz@cnt@clnext=\count318
\c@tkz@cnt@pair=\count319
\c@tkz@cnt@impair=\count320
\c@tkz@cnt@aw=\count321
) (C:\Users\thoma\AppData\Local\Programs\MiKTeX\tex/latex/xstring\xstring.sty (C:\Users\thoma\AppData\Local\Programs\MiKTeX\tex/generic/xstring\xstring.tex
\xs_counta=\count322
\xs_countb=\count323
)
Package: xstring 2023/08/22 v1.86 String manipulations (CT)
) (C:\Users\thoma\AppData\Local\Programs\MiKTeX\tex/generic/xint\xintexpr.sty (C:\Users\thoma\AppData\Local\Programs\MiKTeX\tex/generic/xint\xintfrac.sty (C:\Users\thoma\AppData\Local\Programs\MiKTeX\tex/generic/xint\xint.sty
(C:\Users\thoma\AppData\Local\Programs\MiKTeX\tex/generic/xint\xintcore.sty (C:\Users\thoma\AppData\Local\Programs\MiKTeX\tex/generic/xint\xintkernel.sty
Package: xintkernel 2022/06/10 v1.4m Paraphernalia for the xint packages (JFB)
\xint_c_ii^xiv=\count324
\xint_c_ii^xxi=\count325
)
Package: xintcore 2022/06/10 v1.4m Expandable arithmetic on big integers (JFB)
\xint_c_x^viii=\count326
\xint_c_x^ix=\count327
\xint_c_x^viii_mone=\count328
\xint_c_xii_e_viii=\count329
\xint_c_xi_e_viii_mone=\count330
)
Package: xint 2022/06/10 v1.4m Expandable operations on big integers (JFB)
\xint_c_nine_x^viii=\count331
)
Package: xintfrac 2022/06/10 v1.4m Expandable operations on fractions (JFB)
) (C:\Users\thoma\AppData\Local\Programs\MiKTeX\tex/generic/xint\xinttools.sty
Package: xinttools 2022/06/10 v1.4m Expandable and non-expandable utilities (JFB)
\XINT_toks=\toks37
)
Package: xintexpr 2022/06/10 v1.4m Expandable expression parser (JFB)
 (C:\Users\thoma\AppData\Local\Programs\MiKTeX\tex/generic/xint\xinttrig.sty
Package: xinttrig 2022/06/10 v1.4m Trigonometrical functions for xintexpr (JFB)
) (C:\Users\thoma\AppData\Local\Programs\MiKTeX\tex/generic/xint\xintlog.sty
Package: xintlog 2022/06/10 v1.4m Logarithms and exponentials for xintexpr (JFB)
 (C:\Users\thoma\AppData\Local\Programs\MiKTeX\tex/latex/poormanlog\poormanlog.sty
Package: poormanlog 2022/05/25 v0.07 base 10 log and pow with 9 digits (JFB)
 (C:\Users\thoma\AppData\Local\Programs\MiKTeX\tex/generic/poormanlog\poormanlog.tex)))) (C:\Users\thoma\AppData\Local\Programs\MiKTeX\tex/generic/xint\xintbinhex.sty
Package: xintbinhex 2022/06/10 v1.4m Expandable binary and hexadecimal conversions (JFB)
\xint_c_ii^xv=\count332
\xint_c_ii^xvi=\count333
) (C:\Users\thoma\AppData\Local\Programs\MiKTeX\tex/latex/randomlist\randomlist.sty
Package: randomlist 2017/09/11 v1.3 Package for random list (JCC, CT)
 (C:\Users\thoma\AppData\Local\Programs\MiKTeX\tex/latex/randomlist\randomlist.tex
\RL@random=\count334
\RL@random@a=\count335
\RL@random@b=\count336
\@ListOfList=\toks38
\RL@counti=\count337
\RL@countii=\count338
\RL@countiii=\count339
\RL@hdle=\read3
)) (C:\Users\thoma\AppData\Local\Programs\MiKTeX\tex/latex/simplekv\simplekv.sty (C:\Users\thoma\AppData\Local\Programs\MiKTeX\tex/generic/simplekv\simplekv.tex)
Package: simplekv 2023/10/02 v0.2c Simple keyval package (CT)
) (C:\Users\thoma\AppData\Local\Programs\MiKTeX\tex/latex/listofitems\listofitems.sty (C:\Users\thoma\AppData\Local\Programs\MiKTeX\tex/generic/listofitems\listofitems.tex
\loi_cnt_foreach_nest=\count340
\loi_nestcnt=\count341
)
Package: listofitems 2024/03/09 v1.65 Grab items in lists using user-specified sep char (CT)
) (C:\Users\thoma\AppData\Local\Programs\MiKTeX\tex/latex/tabularray\tabularray.sty (C:\Users\thoma\AppData\Local\Programs\MiKTeX\tex/latex/l3kernel\expl3.sty
Package: expl3 2025-01-18 L3 programming layer (loader) 
 (C:\Users\thoma\AppData\Local\Programs\MiKTeX\tex/latex/l3backend\l3backend-pdftex.def
File: l3backend-pdftex.def 2024-05-08 L3 backend support: PDF output (pdfTeX)
\l__color_backend_stack_int=\count342
\l__pdf_internal_box=\box67
))
Package: tabularray 2024-02-16 v2024A Typeset tabulars and arrays with LaTeX3
\l__tblr_a_int=\count343
\l__tblr_c_int=\count344
\l__tblr_r_int=\count345
\l__tblr_d_dim=\dimen283
\l__tblr_h_dim=\dimen284
\l__tblr_o_dim=\dimen285
\l__tblr_p_dim=\dimen286
\l__tblr_q_dim=\dimen287
\l__tblr_r_dim=\dimen288
\l__tblr_s_dim=\dimen289
\l__tblr_t_dim=\dimen290
\l__tblr_v_dim=\dimen291
\l__tblr_w_dim=\dimen292
\l__tblr_a_box=\box68
\l__tblr_b_box=\box69
\l__tblr_c_box=\box70
\l__tblr_d_box=\box71
\g__tblr_table_count_int=\count346
\c@rownum=\count347
\c@colnum=\count348
\c@rowcount=\count349
\c@colcount=\count350
\abovesep=\dimen293
\belowsep=\dimen294
\leftsep=\dimen295
\rightsep=\dimen296
\g_tblr_level_int=\count351
\g__tblr_data_row_key_count_int=\count352
\g__tblr_data_column_key_count_int=\count353
\g__tblr_data_cell_key_count_int=\count354
\g__tblr_array_int=\count355
\l__tblr_key_count_int=\count356
\l__tblr_key_quotient_int=\count357
\l__tblr_key_quotient_two_int=\count358
\l__tblr_key_remainder_int=\count359
\g__tblr_data_str_value_count_int=\count360
\rulewidth=\dimen297
\l__tblr_strut_dp_dim=\dimen298
\l__tblr_strut_ht_dim=\dimen299
\g__tblr_cell_wd_dim=\dimen300
\g__tblr_cell_ht_dim=\dimen301
\g__tblr_cell_head_dim=\dimen302
\g__tblr_cell_foot_dim=\dimen303
\l__column_target_dim=\dimen304
\l__tblr_caption_box=\box72
\l__tblr_caption_left_box=\box73
\l__tblr_row_head_box=\box74
\l__tblr_row_foot_box=\box75
\l__tblr_row_head_foot_dim=\dimen305
\tablewidth=\dimen306
\l__tblr_table_firsthead_box=\box76
\l__tblr_table_middlehead_box=\box77
\l__tblr_table_lasthead_box=\box78
\l__tblr_table_firstfoot_box=\box79
\l__tblr_table_middlefoot_box=\box80
\l__tblr_table_lastfoot_box=\box81
\l__tblr_remain_height_dim=\dimen307
\l__tblr_long_from_int=\count361
\l__tblr_long_to_int=\count362
\l__tblr_curr_i_int=\count363
\l__tblr_prev_i_int=\count364
\l__tblr_table_page_int=\count365
\l__tblr_table_head_box=\box82
\l__tblr_table_foot_box=\box83
\l__tblr_table_head_foot_dim=\dimen308
\l__tblr_table_head_body_foot_dim=\dimen309
\l__tblr_table_box=\box84
\l__tblr_table_hlines_box=\box85
\l__tblr_hline_box=\box86
\l__tblr_row_box=\box87
\l__tblr_col_o_wd_dim=\dimen310
\l__tblr_col_b_wd_dim=\dimen311
\l__tblr_hline_leftskip_dim=\dimen312
\l__tblr_hline_rightskip_dim=\dimen313
\l__tblr_row_ht_dim=\dimen314
\l__tblr_row_dp_dim=\dimen315
\l__tblr_row_abovesep_dim=\dimen316
\l__tblr_row_belowsep_dim=\dimen317
\l__tblr_row_vlines_box=\box88
\l__tblr_vline_box=\box89
\l__tblr_cell_box=\box90
\l__row_upper_dim=\dimen318
\l__row_lower_dim=\dimen319
\l__row_vpace_dim=\dimen320
\l__tblr_vline_aboveskip_dim=\dimen321
\l__tblr_vline_belowskip_dim=\dimen322
\l__tblr_cell_wd_dim=\dimen323
\l__tblr_cell_ht_dim=\dimen324
\l__tblr_diag_box=\box91
) (C:\Users\thoma\AppData\Local\Programs\MiKTeX\tex/latex/oberdiek\settobox.sty
Package: settobox 2016/05/16 v1.5 Assign box dimensions to length registers (HO)
) (C:\Users\thoma\AppData\Local\Programs\MiKTeX\tex/generic/hologo\hologo.sty
Package: hologo 2021-11-16 v1.15 A logo collection with bookmark support (HO)
 (C:\Users\thoma\AppData\Local\Programs\MiKTeX\tex/generic/ltxcmds\ltxcmds.sty
Package: ltxcmds 2023-12-04 v1.26 LaTeX kernel commands for general use (HO)
) (C:\Users\thoma\AppData\Local\Programs\MiKTeX\tex/generic/infwarerr\infwarerr.sty
Package: infwarerr 2019/12/03 v1.5 Providing info/warning/error messages (HO)
) (C:\Users\thoma\AppData\Local\Programs\MiKTeX\tex/latex/kvsetkeys\kvsetkeys.sty
Package: kvsetkeys 2022-10-05 v1.19 Key value parser (HO)
) (C:\Users\thoma\AppData\Local\Programs\MiKTeX\tex/generic/kvdefinekeys\kvdefinekeys.sty
Package: kvdefinekeys 2019-12-19 v1.6 Define keys (HO)
) (C:\Users\thoma\AppData\Local\Programs\MiKTeX\tex/generic/pdftexcmds\pdftexcmds.sty
Package: pdftexcmds 2020-06-27 v0.33 Utility functions of pdfTeX for LuaTeX (HO)
 (C:\Users\thoma\AppData\Local\Programs\MiKTeX\tex/generic/iftex\iftex.sty
Package: iftex 2024/12/12 v1.0g TeX engine tests
)
Package pdftexcmds Info: \pdf@primitive is available.
Package pdftexcmds Info: \pdf@ifprimitive is available.
Package pdftexcmds Info: \pdfdraftmode found.
)) (C:\Users\thoma\AppData\Local\Programs\MiKTeX\tex/latex/fancyvrb\fancyvrb.sty
Package: fancyvrb 2024/01/20 4.5c verbatim text (tvz,hv)
\FV@CodeLineNo=\count366
\FV@InFile=\read4
\FV@TabBox=\box92
\c@FancyVerbLine=\count367
\FV@StepNumber=\count368
\FV@OutFile=\write4
) (C:\Users\thoma\AppData\Local\Programs\MiKTeX\tex/latex/units\nicefrac.sty
Package: nicefrac 1998/08/04 v0.9b Nice fractions
\L@UnitsRaiseDisplaystyle=\skip58
\L@UnitsRaiseTextstyle=\skip59
\L@UnitsRaiseScriptstyle=\skip60
) (C:\Users\thoma\AppData\Local\Programs\MiKTeX\tex/latex/siunitx\siunitx.sty
Package: siunitx 2025-01-21 v3.4.4 A comprehensive (SI) units package
\l__siunitx_number_uncert_offset_int=\count369
\l__siunitx_number_exponent_fixed_int=\count370
\l__siunitx_number_min_decimal_int=\count371
\l__siunitx_number_min_integer_int=\count372
\l__siunitx_number_round_precision_int=\count373
\l__siunitx_number_lower_threshold_int=\count374
\l__siunitx_number_upper_threshold_int=\count375
\l__siunitx_number_group_first_int=\count376
\l__siunitx_number_group_size_int=\count377
\l__siunitx_number_group_minimum_int=\count378
\l__siunitx_angle_tmp_dim=\dimen325
\l__siunitx_angle_marker_box=\box93
\l__siunitx_angle_unit_box=\box94
\l__siunitx_compound_count_int=\count379
 (C:\Users\thoma\AppData\Local\Programs\MiKTeX\tex/latex/translations\translations.sty
Package: translations 2022/02/05 v1.12 internationalization of LaTeX2e packages (CN)
 (C:\Users\thoma\AppData\Local\Programs\MiKTeX\tex/latex/etoolbox\etoolbox.sty
Package: etoolbox 2020/10/05 v2.5k e-TeX tools for LaTeX (JAW)
\etb@tempcnta=\count380
))
\l__siunitx_table_tmp_box=\box95
\l__siunitx_table_tmp_dim=\dimen326
\l__siunitx_table_column_width_dim=\dimen327
\l__siunitx_table_integer_box=\box96
\l__siunitx_table_decimal_box=\box97
\l__siunitx_table_uncert_box=\box98
\l__siunitx_table_before_box=\box99
\l__siunitx_table_after_box=\box100
\l__siunitx_table_before_dim=\dimen328
\l__siunitx_table_carry_dim=\dimen329
\l__siunitx_unit_tmp_int=\count381
\l__siunitx_unit_position_int=\count382
\l__siunitx_unit_total_int=\count383
 (C:\Users\thoma\AppData\Local\Programs\MiKTeX\tex/latex/tools\array.sty
Package: array 2024/10/17 v2.6g Tabular extension package (FMi)
\col@sep=\dimen330
\ar@mcellbox=\box101
\extrarowheight=\dimen331
\NC@list=\toks39
\extratabsurround=\skip61
\backup@length=\skip62
\ar@cellbox=\box102
)) (C:\Users\thoma\AppData\Local\Programs\MiKTeX\tex/latex/fontawesome5\fontawesome5.sty
Package: fontawesome5 2022/05/02 v5.15.4 Font Awesome 5
 (C:\Users\thoma\AppData\Local\Programs\MiKTeX\tex/latex/l3packages/l3keys2e\l3keys2e.sty
Package: l3keys2e 2024-08-16 LaTeX2e option processing using LaTeX3 keys
) (C:\Users\thoma\AppData\Local\Programs\MiKTeX\tex/latex/l3packages/xparse\xparse.sty
Package: xparse 2024-08-16 L3 Experimental document command parser
) (C:\Users\thoma\AppData\Local\Programs\MiKTeX\tex/latex/fontawesome5\fontawesome5-generic-helper.sty
Package: fontawesome5-generic-helper 2022/05/02 v5.15.4 non-uTeX helper for fontawesome5
 (C:\Users\thoma\AppData\Local\Programs\MiKTeX\tex/latex/fontawesome5\fontawesome5-mapping.def))) (C:\Users\thoma\AppData\Local\Programs\MiKTeX\tex/latex/tcolorbox\tcolorbox.sty
Package: tcolorbox 2024/10/22 version 6.4.1 text color boxes
 (C:\Users\thoma\AppData\Local\Programs\MiKTeX\tex/latex/tools\verbatim.sty
Package: verbatim 2024-01-22 v1.5x LaTeX2e package for verbatim enhancements
\every@verbatim=\toks40
\verbatim@line=\toks41
\verbatim@in@stream=\read5
) (C:\Users\thoma\AppData\Local\Programs\MiKTeX\tex/latex/environ\environ.sty
Package: environ 2014/05/04 v0.3 A new way to define environments
 (C:\Users\thoma\AppData\Local\Programs\MiKTeX\tex/latex/trimspaces\trimspaces.sty
Package: trimspaces 2009/09/17 v1.1 Trim spaces around a token list
))
\tcb@titlebox=\box103
\tcb@upperbox=\box104
\tcb@lowerbox=\box105
\tcb@phantombox=\box106
\c@tcbbreakpart=\count384
\c@tcblayer=\count385
\c@tcolorbox@number=\count386
\l__tcobox_tmpa_box=\box107
\l__tcobox_tmpa_dim=\dimen332
\tcb@temp=\box108
\tcb@temp=\box109
\tcb@temp=\box110
\tcb@temp=\box111
) (C:\Users\thoma\AppData\Local\Programs\MiKTeX\tex/latex/tcolorbox\tcbbreakable.code.tex
Library (tcolorbox): 'tcbbreakable.code.tex' version '6.4.1'
(C:\Users\thoma\AppData\Local\Programs\MiKTeX\tex/latex/pdfcol\pdfcol.sty
Package: pdfcol 2022-09-21 v1.7 Handle new color stacks for pdfTeX (HO)
)
Package pdfcol Info: New color stack `tcb@breakable' = 1 on input line 23.
\tcb@testbox=\box112
\tcb@totalupperbox=\box113
\tcb@totallowerbox=\box114
) (C:\Users\thoma\AppData\Local\Programs\MiKTeX\tex/latex/tcolorbox\tcbfitting.code.tex
Library (tcolorbox): 'tcbfitting.code.tex' version '6.4.1'
\tcbfitdim=\dimen333
\tcb@lowerfitdim=\dimen334
\tcb@upperfitdim=\dimen335
\tcb@cur@hbadness=\count387
) (C:\Users\thoma\AppData\Local\Programs\MiKTeX\tex/latex/tcolorbox\tcbskins.code.tex
Library (tcolorbox): 'tcbskins.code.tex' version '6.4.1'
(C:\Users\thoma\AppData\Local\Programs\MiKTeX\tex/latex/tikzfill\tikzfill.image.sty
Package: tikzfill.image 2023/08/08 v1.0.1 Image filling library for TikZ
 (C:\Users\thoma\AppData\Local\Programs\MiKTeX\tex/latex/tikzfill\tikzfill-common.sty
Package: tikzfill-common 2023/08/08 v1.0.1 Auxiliary code for tikzfill
) (C:\Users\thoma\AppData\Local\Programs\MiKTeX\tex/latex/tikzfill\tikzlibraryfill.image.code.tex
File: tikzlibraryfill.image.code.tex 2023/08/08 v1.0.1 Image filling library
\l__tikzfill_img_box=\box115
)) (C:\Users\thoma\AppData\Local\Programs\MiKTeX\tex/latex/tcolorbox\tcbskinsjigsaw.code.tex
Library (tcolorbox): 'tcbskinsjigsaw.code.tex' version '6.4.1'
)) (C:\Users\thoma\AppData\Local\Programs\MiKTeX\tex/latex/tcolorbox\tcblistings.code.tex
Library (tcolorbox): 'tcblistings.code.tex' version '6.4.1'
(C:\Users\thoma\AppData\Local\Programs\MiKTeX\tex/latex/listings\listings.sty
\lst@mode=\count388
\lst@gtempboxa=\box116
\lst@token=\toks42
\lst@length=\count389
\lst@currlwidth=\dimen336
\lst@column=\count390
\lst@pos=\count391
\lst@lostspace=\dimen337
\lst@width=\dimen338
\lst@newlines=\count392
\lst@lineno=\count393
\lst@maxwidth=\dimen339
 (C:\Users\thoma\AppData\Local\Programs\MiKTeX\tex/latex/listings\lstpatch.sty
File: lstpatch.sty 2024/09/23 1.10c (Carsten Heinz)
) (C:\Users\thoma\AppData\Local\Programs\MiKTeX\tex/latex/listings\lstmisc.sty
File: lstmisc.sty 2024/09/23 1.10c (Carsten Heinz)
\c@lstnumber=\count394
\lst@skipnumbers=\count395
\lst@framebox=\box117
) (C:\Users\thoma\AppData\Local\Programs\MiKTeX\tex/latex/listings\listings.cfg
File: listings.cfg 2024/09/23 1.10c listings configuration
))
Package: listings 2024/09/23 1.10c (Carsten Heinz)
 (C:\Users\thoma\AppData\Local\Programs\MiKTeX\tex/latex/tcolorbox\tcblistingscore.code.tex
Library (tcolorbox): 'tcblistingscore.code.tex' version '6.4.1'
(C:\Users\thoma\AppData\Local\Programs\MiKTeX\tex/latex/tcolorbox\tcbprocessing.code.tex
Library (tcolorbox): 'tcbprocessing.code.tex' version '6.4.1'
)
\c@tcblisting=\count396
)) (C:\Users\thoma\AppData\Local\Programs\MiKTeX\tex/latex/tcolorbox\tcblistingsutf8.code.tex
Library (tcolorbox): 'tcblistingsutf8.code.tex' version '6.4.1'
(C:\Users\thoma\AppData\Local\Programs\MiKTeX\tex/latex/listingsutf8\listingsutf8.sty
Package: listingsutf8 2019-12-10 v1.5 Allow UTF-8 in listings input (HO)
 (C:\Users\thoma\AppData\Local\Programs\MiKTeX\tex/generic/stringenc\stringenc.sty
Package: stringenc 2019/11/29 v1.12 Convert strings between diff. encodings (HO)
 (C:\Users\thoma\AppData\Local\Programs\MiKTeX\tex/generic/pdfescape\pdfescape.sty
Package: pdfescape 2019/12/09 v1.15 Implements pdfTeX's escape features (HO)
)))) (C:\Users\thoma\AppData\Local\Programs\MiKTeX\tex/latex/tcolorbox\tcbhooks.code.tex
Library (tcolorbox): 'tcbhooks.code.tex' version '6.4.1'
) (C:\Users\thoma\AppData\Local\Programs\MiKTeX\tex/latex/proflycee\proflycee-tools-listings.tex
\PythonCodeXLeft=\skip63
\PseudoCodeXLeft=\skip64
) (C:\Users\thoma\AppData\Local\Programs\MiKTeX\tex/latex/proflycee\proflycee-tools-trigo.tex) (C:\Users\thoma\AppData\Local\Programs\MiKTeX\tex/latex/proflycee\proflycee-tools-probas.tex (C:\Users\thoma\AppData\Local\Programs\MiKTeX\tex/latex/commalists-tools\commalists-tools.sty
Package: commalists-tools 2024/10/24 0.1.4 Basic operations for numeral comma separated lists
)) (C:\Users\thoma\AppData\Local\Programs\MiKTeX\tex/latex/proflycee\proflycee-tools-stats.tex) (C:\Users\thoma\AppData\Local\Programs\MiKTeX\tex/latex/proflycee\proflycee-tools-arithm.tex (C:\Users\thoma\AppData\Local\Programs\MiKTeX\tex/latex/modulus\modulus.sty
Package: modulus 2018/05/07 v1.0 Modulus/modulo operator in plain TeX
\remainder=\count397
\intquotient=\count398
) (C:\Users\thoma\AppData\Local\Programs\MiKTeX\tex/generic/xint\xintgcd.sty
Package: xintgcd 2022/06/10 v1.4m Euclide algorithm with xint package (JFB)
) (C:\Users\thoma\AppData\Local\Programs\MiKTeX\tex/latex/cancel\cancel.sty
Package: cancel 2013/04/12 v2.2 Cancel math terms
)
\colspecbinadd=\skip65
\widestcharwd=\skip66
\charwd=\skip67
\heightercharht=\skip68
) (C:\Users\thoma\AppData\Local\Programs\MiKTeX\tex/latex/proflycee\proflycee-tools-graphiques.tex) (C:\Users\thoma\AppData\Local\Programs\MiKTeX\tex/latex/proflycee\proflycee-tools-analyse.tex) (C:\Users\thoma\AppData\Local\Programs\MiKTeX\tex/latex/proflycee\proflycee-tools-aleatoire.tex) (C:\Users\thoma\AppData\Local\Programs\MiKTeX\tex/latex/proflycee\proflycee-tools-suites.tex
\CompteurSeuil=\count399
) (C:\Users\thoma\AppData\Local\Programs\MiKTeX\tex/latex/proflycee\proflycee-tools-complexes.tex) (C:\Users\thoma\AppData\Local\Programs\MiKTeX\tex/latex/proflycee\proflycee-tools-geom.tex (C:\Users\thoma\AppData\Local\Programs\MiKTeX\tex/latex/nicematrix\nicematrix.sty
Package: nicematrix 2025/02/01 v7.1 Enhanced arrays with the help of PGF/TikZ
\g__nicematrix_env_int=\count400
\g__nicematrix_NiceMatrixBlock_int=\count401
\g__nicematrix_notes_caption_int=\count402
\l__nicematrix_columns_width_dim=\dimen340
\l__nicematrix_col_width_dim=\dimen341
\g__nicematrix_row_total_int=\count403
\g__nicematrix_col_total_int=\count404
\g__nicematrix_last_row_node_int=\count405
\l__nicematrix_key_nb_rows_int=\count406
\g__nicematrix_blocks_wd_dim=\dimen342
\g__nicematrix_blocks_ht_dim=\dimen343
\g__nicematrix_blocks_dp_dim=\dimen344
\l__nicematrix_width_dim=\dimen345
\l__nicematrix_tabular_width_dim=\dimen346
\l__nicematrix_rule_width_dim=\dimen347
\l__nicematrix_old_iRow_int=\count407
\l__nicematrix_old_jCol_int=\count408
\g__nicematrix_total_X_weight_int=\count409
\l__nicematrix_X_columns_dim=\dimen348
\l__nicematrix_x_initial_dim=\dimen349
\l__nicematrix_y_initial_dim=\dimen350
\l__nicematrix_x_final_dim=\dimen351
\l__nicematrix_y_final_dim=\dimen352
\l__nicematrix_tmpc_dim=\dimen353
\l__nicematrix_tmpd_dim=\dimen354
\l__nicematrix_tmpe_dim=\dimen355
\l__nicematrix_tmpf_dim=\dimen356
\g__nicematrix_dp_row_zero_dim=\dimen357
\g__nicematrix_ht_row_zero_dim=\dimen358
\g__nicematrix_ht_row_one_dim=\dimen359
\g__nicematrix_dp_ante_last_row_dim=\dimen360
\g__nicematrix_ht_last_row_dim=\dimen361
\g__nicematrix_dp_last_row_dim=\dimen362
\g__nicematrix_width_last_col_dim=\dimen363
\g__nicematrix_width_first_col_dim=\dimen364
\l__nicematrix_row_min_int=\count410
\l__nicematrix_row_max_int=\count411
\l__nicematrix_col_min_int=\count412
\l__nicematrix_col_max_int=\count413
\l__nicematrix_start_int=\count414
\l__nicematrix_end_int=\count415
\l__nicematrix_local_start_int=\count416
\l__nicematrix_local_end_int=\count417
\g__nicematrix_static_num_of_col_int=\count418
\l__nicematrix_rounded_corners_dim=\dimen365
\l__nicematrix_tab_rounded_corners_dim=\dimen366
\l__nicematrix_offset_dim=\dimen367
\l__nicematrix_line_width_dim=\dimen368
\g__nicematrix_block_box_int=\count419
\l__nicematrix_submatrix_extra_height_dim=\dimen369
\l__nicematrix_submatrix_left_xshift_dim=\dimen370
\l__nicematrix_submatrix_right_xshift_dim=\dimen371
\l__nicematrix_first_row_int=\count420
\l__nicematrix_first_col_int=\count421
\l__nicematrix_last_row_int=\count422
\l__nicematrix_last_col_int=\count423
\c@tabularnote=\count424
\g__nicematrix_tabularnote_int=\count425
\c@nicematrix_draft=\count426
\l__nicematrix_cell_space_top_limit_dim=\dimen372
\l__nicematrix_cell_space_bottom_limit_dim=\dimen373
\l__nicematrix_xdots_inter_dim=\dimen374
\l__nicematrix_xdots_shorten_start_dim=\dimen375
\l__nicematrix_xdots_shorten_end_dim=\dimen376
\l__nicematrix_xdots_radius_dim=\dimen377
\l__nicematrix_notes_above_space_dim=\dimen378
\l__nicematrix_left_margin_dim=\dimen379
\l__nicematrix_right_margin_dim=\dimen380
\l__nicematrix_extra_left_margin_dim=\dimen381
\l__nicematrix_extra_right_margin_dim=\dimen382
\c__nicematrix_max_l_dim=\dimen383
\l__nicematrix_position_int=\count427
\l__nicematrix_multiplicity_int=\count428
\l__nicematrix_brace_yshift_dim=\dimen384
)) (C:\Users\thoma\AppData\Local\Programs\MiKTeX\tex/latex/proflycee\proflycee-tools-recreat.tex
\c@CFnum=\count429
 (C:\Users\thoma\AppData\Local\Programs\MiKTeX\tex/generic/pgf/frontendlayer/tikz/libraries\tikzlibrarylindenmayersystems.code.tex (C:\Users\thoma\AppData\Local\Programs\MiKTeX\tex/generic/pgf/libraries\pgflibrarylindenmayersystems.code.tex
\pgflsystemstep=\dimen385
\c@pgf@lsystem@iteration=\count430
)) (C:\Users\thoma\AppData\Local\Programs\MiKTeX\tex/generic/pgf/frontendlayer/tikz/libraries\tikzlibrarypatterns.meta.code.tex (C:\Users\thoma\AppData\Local\Programs\MiKTeX\tex/generic/pgf/libraries\pgflibrarypatterns.meta.code.tex)) (C:\Users\thoma\AppData\Local\Programs\MiKTeX\tex/generic/pgf/frontendlayer/tikz/libraries\tikzlibraryshadings.code.tex
File: tikzlibraryshadings.code.tex 2023-01-15 v3.1.10 (3.1.10)
 (C:\Users\thoma\AppData\Local\Programs\MiKTeX\tex/generic/pgf/libraries\pgflibraryshadings.code.tex
File: pgflibraryshadings.code.tex 2023-01-15 v3.1.10 (3.1.10)
)) (C:\Users\thoma\AppData\Local\Programs\MiKTeX\tex/latex/datetime2\datetime2.sty
Package: datetime2 2021/03/21 v1.5.7 (NLCT) date and time formats
 (C:\Users\thoma\AppData\Local\Programs\MiKTeX\tex/latex/tracklang\tracklang.sty
Package: tracklang 2025/01/26 v1.6.4 (NLCT) Track Languages
 (C:\Users\thoma\AppData\Local\Programs\MiKTeX\tex/generic/tracklang\tracklang.tex)) (C:\Users\thoma\AppData\Local\Programs\MiKTeX\tex/latex/datetime2-french\datetime2-french.ldf
File: datetime2-french.ldf 2020/09/21 v1.03
 (C:\Users\thoma\AppData\Local\Programs\MiKTeX\tex/generic/iftex\ifxetex.sty
Package: ifxetex 2019/10/25 v0.7 ifxetex legacy package. Use iftex instead.
) (C:\Users\thoma\AppData\Local\Programs\MiKTeX\tex/generic/iftex\ifluatex.sty
Package: ifluatex 2019/10/25 v1.5 ifluatex legacy package. Use iftex instead.
) (C:\Users\thoma\AppData\Local\Programs\MiKTeX\tex/latex/datetime2-french\datetime2-french-ascii.ldf
File: datetime2-french-ascii.ldf 2020/09/21 v1.03
))) (C:\Users\thoma\AppData\Local\Programs\MiKTeX\tex/latex/datetime2\datetime2-calc.sty
Package: datetime2-calc 2021/03/21 v1.5.7 (NLCT)
 (C:\Users\thoma\AppData\Local\Programs\MiKTeX\tex/latex/pgf/utilities\pgfcalendar.sty (C:\Users\thoma\AppData\Local\Programs\MiKTeX\tex/generic/pgf/utilities\pgfcalendar.code.tex
File: pgfcalendar.code.tex 2023-01-15 v3.1.10 (3.1.10)
\pgfcalendarcurrentjulian=\count431
\pgf@cal@easter@Y=\count432
\pgf@cal@easter@G=\count433
\pgf@cal@easter@C=\count434
\pgf@cal@easter@X=\count435
\pgf@cal@easter@Z=\count436
\pgf@cal@easter@D=\count437
\pgf@cal@easter@E=\count438
\pgf@cal@easter@N=\count439
\pgf@cal@easter@M=\count440
\pgf@cal@easter@julianday=\count441
))
\@dtm@julianday=\count442
)
\tmpmyct=\count443
) (C:\Users\thoma\AppData\Local\Programs\MiKTeX\tex/latex/proflycee\proflycee-tools-competences.tex) (C:\Users\thoma\AppData\Local\Programs\MiKTeX\tex/latex/proflycee\proflycee-tools-exams.tex) (C:\Users\thoma\AppData\Local\Programs\MiKTeX\tex/latex/proflycee\proflycee-tools-cliparts.tex
\tmpcharacterheightinline=\skip69
\tmpcharacterdepthinline=\skip70
\tmptotalheightcurrenttxt=\skip71
\tmptotaldepthcurrenttxt=\skip72
)) (C:\Users\thoma\AppData\Local\Programs\MiKTeX\tex/latex/geometry\geometry.sty
Package: geometry 2020/01/02 v5.9 Page Geometry
 (C:\Users\thoma\AppData\Local\Programs\MiKTeX\tex/generic/iftex\ifvtex.sty
Package: ifvtex 2019/10/25 v1.7 ifvtex legacy package. Use iftex instead.
)
\Gm@cnth=\count444
\Gm@cntv=\count445
\c@Gm@tempcnt=\count446
\Gm@bindingoffset=\dimen386
\Gm@wd@mp=\dimen387
\Gm@odd@mp=\dimen388
\Gm@even@mp=\dimen389
\Gm@layoutwidth=\dimen390
\Gm@layoutheight=\dimen391
\Gm@layouthoffset=\dimen392
\Gm@layoutvoffset=\dimen393
\Gm@dimlist=\toks43
 (C:\Users\thoma\AppData\Local\Programs\MiKTeX\tex/latex/geometry\geometry.cfg)) (C:\Users\thoma\AppData\Local\Programs\MiKTeX\tex/latex/ntheorem\ntheorem.sty
Style `ntheorem', Version 1.33 <2011/08/15>
Package: ntheorem 2011/08/15 1.33
\theorem@style=\toks44
\theorem@@style=\toks45
\theorembodyfont=\toks46
\theoremnumbering=\toks47
\theorempreskipamount=\skip73
\theorempostskipamount=\skip74
\theoremframepreskipamount=\skip75
\theoremframepostskipamount=\skip76
\theoreminframepreskipamount=\skip77
\theoreminframepostskipamount=\skip78
\theorem@preskip=\toks48
\theorem@postskip=\toks49
\theorem@framepreskip=\toks50
\theorem@framepostskip=\toks51
\theorem@inframepreskip=\toks52
\theorem@inframepostskip=\toks53
\theoremindent=\dimen394
\theorem@indent=\dimen395
\theoremrightindent=\dimen396
\theorem@rightindent=\dimen397
\theoremheaderfont=\toks54
\theoremseparator=\toks55
\theoremprework=\toks56
\theorempostwork=\toks57
\theoremsymbol=\toks58
\qedsymbol=\toks59
\theoremkeyword=\toks60
\qedsymbol=\toks61
\thm@topsep=\skip79
\thm@topsepadd=\skip80
Package ntheorem Info: Option `thmmarks' loaded on input line 1175.
\c@endNonectr=\count447
\c@currNonectr=\count448
\mysavskip=\skip81
) (C:\Users\thoma\AppData\Local\Programs\MiKTeX\tex/latex/framed\framed.sty
Package: framed 2011/10/22 v 0.96: framed or shaded text with page breaks
\OuterFrameSep=\skip82
\fb@frw=\dimen398
\fb@frh=\dimen399
\FrameRule=\dimen400
\FrameSep=\dimen401
) (C:\Users\thoma\AppData\Local\Programs\MiKTeX\tex/latex/varwidth\varwidth.sty
Package: varwidth 2009/03/30 ver 0.92;  Variable-width minipages
\@vwid@box=\box118
\sift@deathcycles=\count449
\@vwid@loff=\dimen402
\@vwid@roff=\dimen403
) (C:\Users\thoma\AppData\Local\Programs\MiKTeX\tex/latex/tools\hhline.sty
Package: hhline 2020/01/04 v2.04 Table rule package (DPC)
) (C:\Users\thoma\AppData\Local\Programs\MiKTeX\tex/latex/enumitem\enumitem.sty
Package: enumitem 2025/02/06 v3.11 Customized lists
\labelindent=\skip83
\enit@outerparindent=\dimen404
\enit@toks=\toks62
\enit@inbox=\box119
\enit@count@id=\count450
\enitdp@description=\count451
) (C:\Users\thoma\AppData\Local\Programs\MiKTeX\tex/latex/qrcode\qrcode.sty
Package: qrcode 2015/01/08 v1.51 QR code generation
\c@qr@i=\count452
\c@qr@j=\count453
\qr@a=\count454
\qr@b=\count455
\qr@c=\count456
\qr@for@depth=\count457
\qr@for@maxdepth=\count458
\qr@for@start=\count459
\qr@for@end=\count460
\qr@for@step=\count461
\qr@newforcount=\count462
\qr@newforcount=\count463
\qr@desiredheight=\skip84
\qr@modulesize=\skip85
\qr@minipagewidth=\skip86
\c@maski=\count464
\c@maskj=\count465
\c@totalones=\count466
\c@penaltyi=\count467
\c@penaltyii=\count468
\c@penaltyiii=\count469
\c@penaltyiv=\count470
\c@qr@hexchars=\count471
\qr@newforcount=\count472
\c@qr@divisionsremaining=\count473
) (C:\Users\thoma\AppData\Local\Programs\MiKTeX\tex/latex/hyperref\hyperref.sty
Package: hyperref 2024-11-05 v7.01l Hypertext links for LaTeX
 (C:\Users\thoma\AppData\Local\Programs\MiKTeX\tex/latex/hycolor\hycolor.sty
Package: hycolor 2020-01-27 v1.10 Color options for hyperref/bookmark (HO)
) (C:\Users\thoma\AppData\Local\Programs\MiKTeX\tex/latex/hyperref\nameref.sty
Package: nameref 2023-11-26 v2.56 Cross-referencing by name of section
 (C:\Users\thoma\AppData\Local\Programs\MiKTeX\tex/latex/refcount\refcount.sty
Package: refcount 2019/12/15 v3.6 Data extraction from label references (HO)
) (C:\Users\thoma\AppData\Local\Programs\MiKTeX\tex/generic/gettitlestring\gettitlestring.sty
Package: gettitlestring 2019/12/15 v1.6 Cleanup title references (HO)
 (C:\Users\thoma\AppData\Local\Programs\MiKTeX\tex/latex/kvoptions\kvoptions.sty
Package: kvoptions 2022-06-15 v3.15 Key value format for package options (HO)
))
\c@section@level=\count474
)
\@linkdim=\dimen405
\Hy@linkcounter=\count475
\Hy@pagecounter=\count476
 (C:\Users\thoma\AppData\Local\Programs\MiKTeX\tex/latex/hyperref\pd1enc.def
File: pd1enc.def 2024-11-05 v7.01l Hyperref: PDFDocEncoding definition (HO)
Now handling font encoding PD1 ...
... no UTF-8 mapping file for font encoding PD1
) (C:\Users\thoma\AppData\Local\Programs\MiKTeX\tex/generic/intcalc\intcalc.sty
Package: intcalc 2019/12/15 v1.3 Expandable calculations with integers (HO)
)
\Hy@SavedSpaceFactor=\count477
 (C:\Users\thoma\AppData\Local\Programs\MiKTeX\tex/latex/hyperref\puenc.def
File: puenc.def 2024-11-05 v7.01l Hyperref: PDF Unicode definition (HO)
Now handling font encoding PU ...
... no UTF-8 mapping file for font encoding PU
)
Package hyperref Info: Hyper figures OFF on input line 4157.
Package hyperref Info: Link nesting OFF on input line 4162.
Package hyperref Info: Hyper index ON on input line 4165.
Package hyperref Info: Plain pages OFF on input line 4172.
Package hyperref Info: Backreferencing OFF on input line 4177.
Package hyperref Info: Implicit mode ON; LaTeX internals redefined.
Package hyperref Info: Bookmarks ON on input line 4424.
\c@Hy@tempcnt=\count478
 (C:\Users\thoma\AppData\Local\Programs\MiKTeX\tex/latex/url\url.sty
\Urlmuskip=\muskip18
Package: url 2013/09/16  ver 3.4  Verb mode for urls, etc.
)
LaTeX Info: Redefining \url on input line 4763.
\XeTeXLinkMargin=\dimen406
 (C:\Users\thoma\AppData\Local\Programs\MiKTeX\tex/generic/bitset\bitset.sty
Package: bitset 2019/12/09 v1.3 Handle bit-vector datatype (HO)
 (C:\Users\thoma\AppData\Local\Programs\MiKTeX\tex/generic/bigintcalc\bigintcalc.sty
Package: bigintcalc 2019/12/15 v1.5 Expandable calculations on big integers (HO)
))
\Fld@menulength=\count479
\Field@Width=\dimen407
\Fld@charsize=\dimen408
Package hyperref Info: Hyper figures OFF on input line 6042.
Package hyperref Info: Link nesting OFF on input line 6047.
Package hyperref Info: Hyper index ON on input line 6050.
Package hyperref Info: backreferencing OFF on input line 6057.
Package hyperref Info: Link coloring OFF on input line 6062.
Package hyperref Info: Link coloring with OCG OFF on input line 6067.
Package hyperref Info: PDF/A mode OFF on input line 6072.
 (C:\Users\thoma\AppData\Local\Programs\MiKTeX\tex/latex/base\atbegshi-ltx.sty
Package: atbegshi-ltx 2021/01/10 v1.0c Emulation of the original atbegshi
package with kernel methods
)
\Hy@abspage=\count480
\c@Item=\count481
\c@Hfootnote=\count482
)
Package hyperref Info: Driver (autodetected): hpdftex.
 (C:\Users\thoma\AppData\Local\Programs\MiKTeX\tex/latex/hyperref\hpdftex.def
File: hpdftex.def 2024-11-05 v7.01l Hyperref driver for pdfTeX
 (C:\Users\thoma\AppData\Local\Programs\MiKTeX\tex/latex/base\atveryend-ltx.sty
Package: atveryend-ltx 2020/08/19 v1.0a Emulation of the original atveryend package
with kernel methods
)
\Fld@listcount=\count483
\c@bookmark@seq@number=\count484
 (C:\Users\thoma\AppData\Local\Programs\MiKTeX\tex/latex/rerunfilecheck\rerunfilecheck.sty
Package: rerunfilecheck 2022-07-10 v1.10 Rerun checks for auxiliary files (HO)
 (C:\Users\thoma\AppData\Local\Programs\MiKTeX\tex/generic/uniquecounter\uniquecounter.sty
Package: uniquecounter 2019/12/15 v1.4 Provide unlimited unique counter (HO)
)
Package uniquecounter Info: New unique counter `rerunfilecheck' on input line 285.
)
\Hy@SectionHShift=\skip87
) (C:\Users\thoma\AppData\Local\Programs\MiKTeX\tex/latex/tcolorbox\tcbtheorems.code.tex
Library (tcolorbox): 'tcbtheorems.code.tex' version '6.4.1'
) (C:\Users\thoma\AppData\Local\Programs\MiKTeX\tex/generic/pgf/frontendlayer/tikz/libraries\tikzlibraryshapes.misc.code.tex
File: tikzlibraryshapes.misc.code.tex 2023-01-15 v3.1.10 (3.1.10)
 (C:\Users\thoma\AppData\Local\Programs\MiKTeX\tex/generic/pgf/libraries/shapes\pgflibraryshapes.misc.code.tex
File: pgflibraryshapes.misc.code.tex 2023-01-15 v3.1.10 (3.1.10)
)) (C:\Users\thoma\AppData\Local\Programs\MiKTeX\tex/generic/pgf/frontendlayer/tikz/libraries\tikzlibrarybackgrounds.code.tex
File: tikzlibrarybackgrounds.code.tex 2023-01-15 v3.1.10 (3.1.10)
\pgf@layerbox@background=\box120
\pgf@layerboxsaved@background=\box121
) (C:\Users\thoma\AppData\Local\Programs\MiKTeX\tex/generic/pgf/frontendlayer/tikz/libraries\tikzlibraryangles.code.tex
File: tikzlibraryangles.code.tex 2023-01-15 v3.1.10 (3.1.10)
) (C:\Users\thoma\AppData\Local\Programs\MiKTeX\tex/generic/pgf/frontendlayer/tikz/libraries\tikzlibraryquotes.code.tex
File: tikzlibraryquotes.code.tex 2023-01-15 v3.1.10 (3.1.10)
) (C:\Users\thoma\AppData\Local\Programs\MiKTeX\tex/generic/pgf/frontendlayer/tikz/libraries\tikzlibraryintersections.code.tex (C:\Users\thoma\AppData\Local\Programs\MiKTeX\tex/generic/pgf/libraries\pgflibraryintersections.code.tex (C:\Users\thoma\AppData\Local\Programs\MiKTeX\tex/generic/pgf/libraries\pgflibraryfpu.code.tex)
\pgf@intersect@solutions=\count485
)) (C:\Users\thoma\AppData\Local\Programs\MiKTeX\tex/latex/titlesec\titlesec.sty
Package: titlesec 2025/01/04 v2.17 Sectioning titles
\ttl@box=\box122
\beforetitleunit=\skip88
\aftertitleunit=\skip89
\ttl@plus=\dimen409
\ttl@minus=\dimen410
\ttl@toksa=\toks63
\titlewidth=\dimen411
\titlewidthlast=\dimen412
\titlewidthfirst=\dimen413
) (C:\Users\thoma\AppData\Local\Programs\MiKTeX\tex/latex/moreverb\moreverb.sty
Package: moreverb 2008/06/03 v2.3a `more' verbatim facilities
\tab@position=\count486
\tab@size=\count487
\listing@line=\count488
) (C:\Users\thoma\AppData\Local\Programs\MiKTeX\tex/latex/graphics\dvipsnam.def
File: dvipsnam.def 2016/06/17 v3.0m Driver-dependent file (DPC,SPQR)
) (C:\Users\thoma\AppData\Local\Programs\MiKTeX\tex/latex/import\import.sty
Package: import 2020/04/01  v 6.2
) (C:\Users\thoma\AppData\Local\Programs\MiKTeX\tex/latex/changepage\changepage.sty
Package: changepage 2009/10/20 v1.0c check page and change page layout
\c@cp@cntr=\count489
\cp@tempcnt=\count490
) (C:\Users\thoma\AppData\Local\Programs\MiKTeX\tex/latex/tools\longtable.sty
Package: longtable 2024-10-27 v4.22 Multi-page Table package (DPC)
\LTleft=\skip90
\LTright=\skip91
\LTpre=\skip92
\LTpost=\skip93
\LTchunksize=\count491
\LTcapwidth=\dimen414
\LT@head=\box123
\LT@firsthead=\box124
\LT@foot=\box125
\LT@lastfoot=\box126
\LT@gbox=\box127
\LT@cols=\count492
\LT@rows=\count493
\c@LT@tables=\count494
\c@LT@chunks=\count495
\LT@p@ftn=\toks64
) (C:\Users\thoma\AppData\Local\Programs\MiKTeX\tex/latex/pythontex\pythontex.sty
Package: pythontex 2021/06/06 v0.18 execute and typeset Python code and other languages
 (C:\Users\thoma\AppData\Local\Programs\MiKTeX\tex/latex/fvextra\fvextra.sty
Package: fvextra 2024/11/17 v1.10.0 fvextra - extensions and patches for fancyvrb
 (C:\Users\thoma\AppData\Local\Programs\MiKTeX\tex/latex/upquote\upquote.sty
Package: upquote 2012/04/19 v1.3 upright-quote and grave-accent glyphs in verbatim
) (C:\Users\thoma\AppData\Local\Programs\MiKTeX\tex/latex/lineno\lineno.sty
Package: lineno 2025/01/29 line numbers on paragraphs v5.4
\linenopenalty=\count496
\output=\toks65
\linenoprevgraf=\count497
\linenumbersep=\dimen415
\linenumberwidth=\dimen416
\c@linenumber=\count498
\c@pagewiselinenumber=\count499
\c@LN@truepage=\count500
\c@internallinenumber=\count501
\c@internallinenumbers=\count502
\quotelinenumbersep=\dimen417
\bframerule=\dimen418
\bframesep=\dimen419
\bframebox=\box128
\@LN@amsmath@ams@eqpen=\count503
LaTeX Info: Redefining \\ on input line 3187.
)
\c@FancyVerbWriteLine=\count504
\c@FancyVerbBufferLine=\count505
\c@FV@TrueTabGroupLevel=\count506
\c@FV@TrueTabCounter=\count507
\FV@TabBox@Group=\box129
\FV@TmpLength=\skip94
\c@FV@HighlightLinesStart=\count508
\c@FV@HighlightLinesStop=\count509
\FV@LoopCount=\count510
\FV@NCharsBox=\box130
\FV@BreakIndent=\dimen420
\FV@BreakIndentNChars=\count511
\FV@BreakSymbolSepLeft=\dimen421
\FV@BreakSymbolSepLeftNChars=\count512
\FV@BreakSymbolSepRight=\dimen422
\FV@BreakSymbolSepRightNChars=\count513
\FV@BreakSymbolIndentLeft=\dimen423
\FV@BreakSymbolIndentLeftNChars=\count514
\FV@BreakSymbolIndentRight=\dimen424
\FV@BreakSymbolIndentRightNChars=\count515
\c@FancyVerbLineBreakLast=\count516
\FV@LineBox=\box131
\FV@LineIndentBox=\box132
\c@FV@BreakBufferDepth=\count517
\FV@LineWidth=\dimen425
) (C:\Users\thoma\AppData\Local\Programs\MiKTeX\tex/latex/csquotes\csquotes.sty
Package: csquotes 2024-04-04 v5.2o context-sensitive quotations (JAW)
\csq@reset=\count518
\csq@gtype=\count519
\csq@glevel=\count520
\csq@qlevel=\count521
\csq@maxlvl=\count522
\csq@tshold=\count523
\csq@ltx@everypar=\toks66
 (C:\Users\thoma\AppData\Local\Programs\MiKTeX\tex/latex/csquotes\csquotes.def
File: csquotes.def 2024-04-04 v5.2o csquotes generic definitions (JAW)
)
Package csquotes Info: Trying to load configuration file 'csquotes.cfg'...
Package csquotes Info: ... configuration file loaded successfully.
 (C:\Users\thoma\AppData\Local\Programs\MiKTeX\tex/latex/csquotes\csquotes.cfg
File: csquotes.cfg 
)) (C:\Users\thoma\AppData\Local\Programs\MiKTeX\tex/latex/pgfopts\pgfopts.sty
Package: pgfopts 2014/07/10 v2.1a LaTeX package options with pgfkeys
\pgfopts@list@add@a@toks=\toks67
\pgfopts@list@add@b@toks=\toks68
) (C:\Users\thoma\AppData\Local\Programs\MiKTeX\tex/latex/newfloat\newfloat.sty
Package: newfloat 2023/10/01 v1.2 Defining new floating environments (AR)
Package newfloat Info: Unsupported document class, or \@chapter 
(newfloat)             was already redefined by another package.
Package newfloat Info: \@chapter = macro:->\def \Hy@next {\Hy@MakeCurrentHrefAuto {\Hy@chapapp *}\Hy@raisedlink {\hyper@anchorstart {\@currentHref }\hyper@anchorend }}\ifnum \c@secnumdepth >\m@ne \@ifundefined {if@mainmatter}\iftrue {\csname if@mainmatter\endcsname }\let \Hy@next \relax \fi \fi \Hy@next \Hy@org@chapter .
Package newfloat Info: \Hy@org@chapter = macro:[#1]#2->\NR@gettitle {#1}\NR@chapter [{#1}]{#2}.
Package newfloat Info: \algocf@original@chapter = undefined.
) (C:\Users\thoma\AppData\Local\Programs\MiKTeX\tex/latex/currfile\currfile.sty
Package: currfile 2024/03/14 v1.0 Provides the file path elements of the current input file
 (C:\Users\thoma\AppData\Local\Programs\MiKTeX\tex/latex/filehook\filehook.sty
Package: filehook 2022/10/25 v0.8b Hooks for input files
 (C:\Users\thoma\AppData\Local\Programs\MiKTeX\tex/latex/filehook\filehook-2020.sty
Package: filehook-2020 2022/10/25 v0.8b Hooks for input files
))
\c@currfiledepth=\count524
)
\pytx@codefile=\write5
\openout5 = `C107-TP1-integration_correction.pytxcode'.

\c@pytx@FancyVerbLineTemp=\count525
\c@pytx@py@default@default=\count526
\c@pytx@pycon@default@default=\count527
\c@pytx@sympy@default@default=\count528
\c@pytx@sympycon@default@default=\count529
\c@pytx@pylab@default@default=\count530
\c@pytx@pylabcon@default@default=\count531
)
Package newfloat Info: New float `pythont' with options `fileext=lopytx,listname={List of Listings},name=Listing' on input line 48.
\c@pythont=\count532
\newfloat@ftype=\count533
Package newfloat Info: float type `pythont'=8 on input line 48.
 (C:\Users\thoma\AppData\Local\Programs\MiKTeX\tex/latex/proflycee\proflycee-tools-pythontex.tex
\PythontexCodeXLeft=\skip95
) (C:\Users\thoma\AppData\Local\Programs\MiKTeX\tex/latex/lastpage\lastpage.sty
Package: lastpage 2025/01/27 v2.1e lastpage: 2.09 or 2e? (HMM)
 (C:\Users\thoma\AppData\Local\Programs\MiKTeX\tex/latex/lastpage\lastpage2e.sty
Package: lastpage2e 2025/01/27 v2.1e Decide which 2e lastpage version to use (HMM)
 (C:\Users\thoma\AppData\Local\Programs\MiKTeX\tex/latex/lastpage\lastpagemodern.sty
Package: lastpagemodern 2025-01-27 v2.1e Refers to last page's name (HMM; JPG)
\c@lastpagecount=\count534
) 
)) (C:\Users\thoma\AppData\Local\Programs\MiKTeX\tex/latex/pdfpages\pdfpages.sty
Package: pdfpages 2025/01/30 v0.6e Insert pages of external PDF documents (AM)
 (C:\Users\thoma\AppData\Local\Programs\MiKTeX\tex/latex/eso-pic\eso-pic.sty
Package: eso-pic 2023/05/03 v3.0c eso-pic (RN)
\ESO@tempdima=\dimen426
\ESO@tempdimb=\dimen427
)
\AM@pagewidth=\dimen428
\AM@pageheight=\dimen429
\AM@fboxrule=\dimen430
 (C:\Users\thoma\AppData\Local\Programs\MiKTeX\tex/latex/pdfpages\pppdftex.def
File: pppdftex.def 2025/01/30 v0.6e Pdfpages driver for pdfTeX (AM)
)
\pdfpages@includegraphics@status=\count535
\AM@pagebox=\box133
\AM@global@opts=\toks69
\AM@pagecnt=\count536
\AM@toc@title=\toks70
\AM@lof@heading=\toks71
\c@AM@survey=\count537
\AM@templatesizebox=\box134
) (C:\Users\thoma\AppData\Local\Programs\MiKTeX\tex/latex/pgfplots\pgfplots.sty (C:\Users\thoma\AppData\Local\Programs\MiKTeX\tex/generic/pgfplots\pgfplots.revision.tex)
Package: pgfplots 2021/05/15 v1.18.1 Data Visualization (1.18.1)
 (C:\Users\thoma\AppData\Local\Programs\MiKTeX\tex/generic/pgfplots\pgfplots.code.tex (C:\Users\thoma\AppData\Local\Programs\MiKTeX\tex/generic/pgfplots\pgfplotscore.code.tex
\t@pgfplots@toka=\toks72
\t@pgfplots@tokb=\toks73
\t@pgfplots@tokc=\toks74
\pgfplots@tmpa=\dimen431
\c@pgfplots@coordindex=\count538
\c@pgfplots@scanlineindex=\count539
 (C:\Users\thoma\AppData\Local\Programs\MiKTeX\tex/generic/pgfplots/sys\pgfplotssysgeneric.code.tex)) (C:\Users\thoma\AppData\Local\Programs\MiKTeX\tex/generic/pgfplots/libs\pgfplotslibrary.code.tex) (C:\Users\thoma\AppData\Local\Programs\MiKTeX\tex/generic/pgfplots/oldpgfcompatib\pgfplotsoldpgfsupp_loader.code.tex
Package pgfplots: loading complementary utilities for your pgf version...
\t@pgf@toka=\toks75
\t@pgf@tokb=\toks76
\t@pgf@tokc=\toks77
(C:\Users\thoma\AppData\Local\Programs\MiKTeX\tex/generic/pgfplots/oldpgfcompatib\pgfplotsoldpgfsupp_pgfutil-common-lists.tex)) (C:\Users\thoma\AppData\Local\Programs\MiKTeX\tex/generic/pgfplots/util\pgfplotsutil.code.tex (C:\Users\thoma\AppData\Local\Programs\MiKTeX\tex/generic/pgfplots/liststructure\pgfplotsliststructure.code.tex) (C:\Users\thoma\AppData\Local\Programs\MiKTeX\tex/generic/pgfplots/liststructure\pgfplotsliststructureext.code.tex) (C:\Users\thoma\AppData\Local\Programs\MiKTeX\tex/generic/pgfplots/liststructure\pgfplotsarray.code.tex
\c@pgfplotsarray@tmp=\count540
) (C:\Users\thoma\AppData\Local\Programs\MiKTeX\tex/generic/pgfplots/liststructure\pgfplotsmatrix.code.tex) (C:\Users\thoma\AppData\Local\Programs\MiKTeX\tex/generic/pgfplots/numtable\pgfplotstableshared.code.tex
\c@pgfplotstable@counta=\count541
\t@pgfplotstable@a=\toks78
) (C:\Users\thoma\AppData\Local\Programs\MiKTeX\tex/generic/pgfplots/liststructure\pgfplotsdeque.code.tex) (C:\Users\thoma\AppData\Local\Programs\MiKTeX\tex/generic/pgfplots/util\pgfplotsbinary.code.tex (C:\Users\thoma\AppData\Local\Programs\MiKTeX\tex/generic/pgfplots/util\pgfplotsbinary.data.code.tex)) (C:\Users\thoma\AppData\Local\Programs\MiKTeX\tex/generic/pgfplots/util\pgfplotsutil.verb.code.tex) (C:\Users\thoma\AppData\Local\Programs\MiKTeX\tex/generic/pgfplots/libs\pgflibrarypgfplots.surfshading.code.tex
\c@pgfplotslibrarysurf@no=\count542
 (C:\Users\thoma\AppData\Local\Programs\MiKTeX\tex/generic/pgfplots/sys\pgflibrarypgfplots.surfshading.pgfsys-pdftex.def))) (C:\Users\thoma\AppData\Local\Programs\MiKTeX\tex/generic/pgfplots/util\pgfplotscolormap.code.tex (C:\Users\thoma\AppData\Local\Programs\MiKTeX\tex/generic/pgfplots/util\pgfplotscolor.code.tex)) (C:\Users\thoma\AppData\Local\Programs\MiKTeX\tex/generic/pgfplots\pgfplotsstackedplots.code.tex) (C:\Users\thoma\AppData\Local\Programs\MiKTeX\tex/generic/pgfplots\pgfplotsplothandlers.code.tex (C:\Users\thoma\AppData\Local\Programs\MiKTeX\tex/generic/pgfplots\pgfplotsmeshplothandler.code.tex (C:\Users\thoma\AppData\Local\Programs\MiKTeX\tex/generic/pgfplots\pgfplotsmeshplotimage.code.tex))) (C:\Users\thoma\AppData\Local\Programs\MiKTeX\tex/generic/pgfplots\pgfplots.scaling.code.tex) (C:\Users\thoma\AppData\Local\Programs\MiKTeX\tex/generic/pgfplots\pgfplotscoordprocessing.code.tex) (C:\Users\thoma\AppData\Local\Programs\MiKTeX\tex/generic/pgfplots\pgfplots.errorbars.code.tex) (C:\Users\thoma\AppData\Local\Programs\MiKTeX\tex/generic/pgfplots\pgfplots.markers.code.tex) (C:\Users\thoma\AppData\Local\Programs\MiKTeX\tex/generic/pgfplots\pgfplotsticks.code.tex) (C:\Users\thoma\AppData\Local\Programs\MiKTeX\tex/generic/pgfplots\pgfplots.paths.code.tex) (C:\Users\thoma\AppData\Local\Programs\MiKTeX\tex/generic/pgfplots/libs\tikzlibrarypgfplots.contourlua.code.tex)
\pgfplots@numplots=\count543
\pgfplots@xmin@reg=\dimen432
\pgfplots@xmax@reg=\dimen433
\pgfplots@ymin@reg=\dimen434
\pgfplots@ymax@reg=\dimen435
\pgfplots@zmin@reg=\dimen436
\pgfplots@zmax@reg=\dimen437
) (C:\Users\thoma\AppData\Local\Programs\MiKTeX\tex/generic/pgf/frontendlayer/tikz/libraries\tikzlibraryplotmarks.code.tex
File: tikzlibraryplotmarks.code.tex 2023-01-15 v3.1.10 (3.1.10)
 (C:\Users\thoma\AppData\Local\Programs\MiKTeX\tex/generic/pgf/libraries\pgflibraryplotmarks.code.tex
File: pgflibraryplotmarks.code.tex 2023-01-15 v3.1.10 (3.1.10)
))) (C:\Users\thoma\AppData\Local\Programs\MiKTeX\tex/latex/booktabs\booktabs.sty
Package: booktabs 2020/01/12 v1.61803398 Publication quality tables
\heavyrulewidth=\dimen438
\lightrulewidth=\dimen439
\cmidrulewidth=\dimen440
\belowrulesep=\dimen441
\belowbottomsep=\dimen442
\aboverulesep=\dimen443
\abovetopsep=\dimen444
\cmidrulesep=\dimen445
\cmidrulekern=\dimen446
\defaultaddspace=\dimen447
\@cmidla=\count544
\@cmidlb=\count545
\@aboverulesep=\dimen448
\@belowrulesep=\dimen449
\@thisruleclass=\count546
\@lastruleclass=\count547
\@thisrulewidth=\dimen450
) (C:\Users\thoma\AppData\Local\Programs\MiKTeX\tex/latex/adjustbox\adjustbox.sty
Package: adjustbox 2022/10/17 v1.3a Adjusting TeX boxes (trim, clip, ...)
 (C:\Users\thoma\AppData\Local\Programs\MiKTeX\tex/latex/adjustbox\adjcalc.sty
Package: adjcalc 2012/05/16 v1.1 Provides advanced setlength with multiple back-ends (calc, etex, pgfmath)
) (C:\Users\thoma\AppData\Local\Programs\MiKTeX\tex/latex/adjustbox\trimclip.sty
Package: trimclip 2020/08/19 v1.2 Trim and clip general TeX material
 (C:\Users\thoma\AppData\Local\Programs\MiKTeX\tex/latex/collectbox\collectbox.sty
Package: collectbox 2022/10/17 v0.4c Collect macro arguments as boxes
\collectedbox=\box135
)
\tc@llx=\dimen451
\tc@lly=\dimen452
\tc@urx=\dimen453
\tc@ury=\dimen454
Package trimclip Info: Using driver 'tc-pdftex.def'.
 (C:\Users\thoma\AppData\Local\Programs\MiKTeX\tex/latex/adjustbox\tc-pdftex.def
File: tc-pdftex.def 2019/01/04 v2.2 Clipping driver for pdftex
))
\adjbox@Width=\dimen455
\adjbox@Height=\dimen456
\adjbox@Depth=\dimen457
\adjbox@Totalheight=\dimen458
\adjbox@pwidth=\dimen459
\adjbox@pheight=\dimen460
\adjbox@pdepth=\dimen461
\adjbox@ptotalheight=\dimen462
 (C:\Users\thoma\AppData\Local\Programs\MiKTeX\tex/latex/ifoddpage\ifoddpage.sty
Package: ifoddpage 2022/10/18 v1.2 Conditionals for odd/even page detection
\c@checkoddpage=\count548
LaTeX Info: Redefining \checkoddpage on input line 45.
)) (C:\Users\thoma\AppData\Local\Programs\MiKTeX\tex/latex/pgfgantt\pgfgantt.sty
Package: pgfgantt 2024/06/19 v5.0a Draw Gantt diagrams with TikZ
 (C:\Users\thoma\AppData\Local\Programs\MiKTeX\tex/generic/pgf/frontendlayer/tikz/libraries\tikzlibrarypositioning.code.tex
File: tikzlibrarypositioning.code.tex 2023-01-15 v3.1.10 (3.1.10)
)
\gtt@currentline=\count549
\gtt@lasttitleline=\count550
\gtt@currgrid=\count551
\gtt@chartwidth=\count552
\gtt@lasttitleslot=\count553
\gtt@elementid=\count554
\gtt@today@slot=\count555
\gtt@startjulian=\count556
\gtt@endjulian=\count557
\gtt@chartid=\count558
\gtt@vrule@slot=\count559
\gtt@calendar@slots=\count560
\gtt@calendar@weeknumber=\count561
\gtt@calendar@startofweek=\count562
\gtt@left@slot=\count563
\gtt@right@slot=\count564
) (C:\Users\thoma\AppData\Local\Programs\MiKTeX\tex/latex/pgf-pie\pgf-pie.sty
Package: pgf-pie 2022/06/14 v0.7 Some LaTeX macros for pie chart by using PGF/Tikz package.
 (C:\Users\thoma\AppData\Local\Programs\MiKTeX\tex/latex/pgf-pie\tikzlibrarypie.code.tex (C:\Users\thoma\AppData\Local\Programs\MiKTeX\tex/latex/carlisle\scalefnt.sty)
\pgfpie@angleEnd=\dimen463
\pgfpie@explodeLength=\count565
\pgfpie@colorLength=\count566
\pgfpie@sliceLength=\count567
)) (C:\Users\thoma\AppData\Local\Programs\MiKTeX\tex/latex/tools\multicol.sty
Package: multicol 2024/09/14 v1.9i multicolumn formatting (FMi)
\c@tracingmulticols=\count568
\mult@box=\box136
\multicol@leftmargin=\dimen464
\c@unbalance=\count569
\c@collectmore=\count570
\doublecol@number=\count571
\multicoltolerance=\count572
\multicolpretolerance=\count573
\full@width=\dimen465
\page@free=\dimen466
\premulticols=\dimen467
\postmulticols=\dimen468
\multicolsep=\skip96
\multicolbaselineskip=\skip97
\partial@page=\box137
\last@line=\box138
\mc@boxedresult=\box139
\maxbalancingoverflow=\dimen469
\mult@rightbox=\box140
\mult@grightbox=\box141
\mult@firstbox=\box142
\mult@gfirstbox=\box143
\@tempa=\box144
\@tempa=\box145
\@tempa=\box146
\@tempa=\box147
\@tempa=\box148
\@tempa=\box149
\@tempa=\box150
\@tempa=\box151
\@tempa=\box152
\@tempa=\box153
\@tempa=\box154
\@tempa=\box155
\@tempa=\box156
\@tempa=\box157
\@tempa=\box158
\@tempa=\box159
\@tempa=\box160
\@tempa=\box161
\@tempa=\box162
\@tempa=\box163
\@tempa=\box164
\@tempa=\box165
\@tempa=\box166
\@tempa=\box167
\@tempa=\box168
\@tempa=\box169
\@tempa=\box170
\@tempa=\box171
\@tempa=\box172
\@tempa=\box173
\@tempa=\box174
\@tempa=\box175
\@tempa=\box176
\@tempa=\box177
\@tempa=\box178
\@tempa=\box179
\c@minrows=\count574
\c@columnbadness=\count575
\c@finalcolumnbadness=\count576
\last@try=\dimen470
\multicolovershoot=\dimen471
\multicolundershoot=\dimen472
\mult@nat@firstbox=\box180
\colbreak@box=\box181
\mc@col@check@num=\count577
)) (../../../../../preambule/pr_layouts.sty (C:\Users\thoma\AppData\Local\Programs\MiKTeX\tex/latex/fancyhdr\fancyhdr.sty
Package: fancyhdr 2025/01/07 v5.1.1 Extensive control of page headers and footers
\f@nch@headwidth=\skip98
\f@nch@offset@elh=\skip99
\f@nch@offset@erh=\skip100
\f@nch@offset@olh=\skip101
\f@nch@offset@orh=\skip102
\f@nch@offset@elf=\skip103
\f@nch@offset@erf=\skip104
\f@nch@offset@olf=\skip105
\f@nch@offset@orf=\skip106
\f@nch@height=\skip107
\f@nch@footalignment=\skip108
\f@nch@widthL=\skip109
\f@nch@widthC=\skip110
\f@nch@widthR=\skip111
\@temptokenb=\toks79
) (../../../../../preambule/pr_layouts_devoirs.sty
\c@nexods=\count578
\c@nexodsd=\count579
\c@nexods2=\count580
\c@bareme=\count581
\c@afield=\count582
\c@bfield=\count583
\c@abox=\count584
\c@achoice=\count585
)) (../../../../../preambule/pr_layouts_cours.sty) (../../../../../preambule/pr_environments.sty) (../../../../../preambule/pr_environments_box.sty
\c@tcb@cnt@emptybox=\count586
\c@tcb@cnt@easybox=\count587
\c@tcb@cnt@definition=\count588
\c@tcb@cnt@remarque=\count589
\c@tcb@cnt@propriete=\count590
\c@tcb@cnt@proprieteadm=\count591
\c@tcb@cnt@lemme=\count592
\c@tcb@cnt@theoreme=\count593
\c@tcb@cnt@corollaire=\count594
\c@tcb@cnt@example=\count595
\c@tcb@cnt@notation=\count596
\c@tcb@cnt@exerciceinterro=\count597
\c@tcb@cnt@demonstration=\count598
\c@tcb@cnt@demonstrationp=\count599
\c@tcb@cnt@activite=\count600
\c@tcb@cnt@corrigeactivite=\count601
\c@tcb@cnt@methode=\count602
\c@tcb@cnt@docressource=\count603
\c@currrepgraphctr=\count604
\c@endrepgraphctr=\count605
\c@repgraph=\count606
\c@currtheoremctr=\count607
\c@endtheoremctr=\count608
\c@theorem=\count609
\c@currrappelctr=\count610
\c@endrappelctr=\count611
\c@rappel=\count612
\c@currenoncectr=\count613
\c@endenoncectr=\count614
\c@enonce=\count615
\c@currexerciceappctr=\count616
\c@endexerciceappctr=\count617
\c@exerciceapp=\count618
\c@currexercicectr=\count619
\c@endexercicectr=\count620
\c@exercice=\count621
\c@currexercicefctr=\count622
\c@endexercicefctr=\count623
\c@exercicef=\count624
\c@currreglectr=\count625
\c@endreglectr=\count626
\c@regle=\count627
\c@currmethode-nonctr=\count628
\c@endmethode-nonctr=\count629
\c@methode-non=\count630
\c@currcorrectionctr=\count631
\c@endcorrectionctr=\count632
\c@correction=\count633
\c@curractiviteticectr=\count634
\c@endactiviteticectr=\count635
\c@activitetice=\count636
\c@currproblemectr=\count637
\c@endproblemectr=\count638
\c@probleme=\count639
\c@currflashctr=\count640
\c@endflashctr=\count641
\c@flash=\count642
) (../../../../../preambule/pr_environments_titres.sty) (../../../../../preambule/pr_prog.sty (C:\Users\thoma\AppData\Local\Programs\MiKTeX\tex/latex/dirtree\dirtree.sty
Package: dirtree 2012/12/11 v0.32 package wrapper for dirtree
 (C:\Users\thoma\AppData\Local\Programs\MiKTeX\tex/generic/dirtree\dirtree.tex `dirtree' v0.32, 2012/12/11 (jcc)
\DT@offset=\dimen473
\DT@width=\dimen474
\DT@sep=\dimen475
\DT@all=\dimen476
\DT@rulewidth=\dimen477
\DT@dotwidth=\dimen478
\DTbaselineskip=\dimen479
\DT@counti=\count643
\DT@countii=\count644
\DT@countiii=\count645
\DT@countiv=\count646
\DT@indent=\dimen480
\DT@parskip=\dimen481
\DT@baselineskip=\dimen482
)
File: dirtree.tex 2012/12/11 v0.32 `dirtree' (jcc)
) (C:\Users\thoma\AppData\Local\Programs\MiKTeX\tex/latex/forest\forest.sty
Package: forest 2017/07/14 v2.1.5 Drawing (linguistic) trees
 (C:\Users\thoma\AppData\Local\Programs\MiKTeX\tex/generic/pgf/frontendlayer/tikz/libraries\tikzlibraryshapes.code.tex
File: tikzlibraryshapes.code.tex 2023-01-15 v3.1.10 (3.1.10)
 (C:\Users\thoma\AppData\Local\Programs\MiKTeX\tex/generic/pgf/frontendlayer/tikz/libraries\tikzlibraryshapes.symbols.code.tex
File: tikzlibraryshapes.symbols.code.tex 2023-01-15 v3.1.10 (3.1.10)
 (C:\Users\thoma\AppData\Local\Programs\MiKTeX\tex/generic/pgf/libraries/shapes\pgflibraryshapes.symbols.code.tex
File: pgflibraryshapes.symbols.code.tex 2023-01-15 v3.1.10 (3.1.10)
)) (C:\Users\thoma\AppData\Local\Programs\MiKTeX\tex/generic/pgf/frontendlayer/tikz/libraries\tikzlibraryshapes.arrows.code.tex
File: tikzlibraryshapes.arrows.code.tex 2023-01-15 v3.1.10 (3.1.10)
 (C:\Users\thoma\AppData\Local\Programs\MiKTeX\tex/generic/pgf/libraries/shapes\pgflibraryshapes.arrows.code.tex
File: pgflibraryshapes.arrows.code.tex 2023-01-15 v3.1.10 (3.1.10)
)) (C:\Users\thoma\AppData\Local\Programs\MiKTeX\tex/generic/pgf/frontendlayer/tikz/libraries\tikzlibraryshapes.callouts.code.tex (C:\Users\thoma\AppData\Local\Programs\MiKTeX\tex/generic/pgf/libraries/shapes\pgflibraryshapes.callouts.code.tex)) (C:\Users\thoma\AppData\Local\Programs\MiKTeX\tex/generic/pgf/frontendlayer/tikz/libraries\tikzlibraryshapes.multipart.code.tex
File: tikzlibraryshapes.multipart.code.tex 2023-01-15 v3.1.10 (3.1.10)
 (C:\Users\thoma\AppData\Local\Programs\MiKTeX\tex/generic/pgf/libraries/shapes\pgflibraryshapes.multipart.code.tex
File: pgflibraryshapes.multipart.code.tex 2023-01-15 v3.1.10 (3.1.10)
\pgfnodepartlowerbox=\box182
\pgfnodeparttwobox=\box183
\pgfnodepartthreebox=\box184
\pgfnodepartfourbox=\box185
\pgfnodeparttwentybox=\box186
\pgfnodepartnineteenbox=\box187
\pgfnodeparteighteenbox=\box188
\pgfnodepartseventeenbox=\box189
\pgfnodepartsixteenbox=\box190
\pgfnodepartfifteenbox=\box191
\pgfnodepartfourteenbox=\box192
\pgfnodepartthirteenbox=\box193
\pgfnodeparttwelvebox=\box194
\pgfnodepartelevenbox=\box195
\pgfnodeparttenbox=\box196
\pgfnodepartninebox=\box197
\pgfnodeparteightbox=\box198
\pgfnodepartsevenbox=\box199
\pgfnodepartsixbox=\box256
\pgfnodepartfivebox=\box257
))) (C:\Users\thoma\AppData\Local\Programs\MiKTeX\tex/generic/pgf/frontendlayer/tikz/libraries\tikzlibraryfit.code.tex
File: tikzlibraryfit.code.tex 2023-01-15 v3.1.10 (3.1.10)
) (C:\Users\thoma\AppData\Local\Programs\MiKTeX\tex/latex/elocalloc\elocalloc.sty
Package: elocalloc 2016/12/15 v0.03 local allocation for LaTeX 2015+ (DPC)
) (C:\Users\thoma\AppData\Local\Programs\MiKTeX\tex/latex/inlinedef\inlinedef.sty
Package: inlinedef 2008/07/10 v1.0 Inlined expansions within definitions
\ID@toks=\toks80
\ID@count=\count647
)
\ID@usercommands=\toks81
\safeloop@depth=\count648
\safeRKloop@depth=\count649
\forest@temp@dimen=\dimen483
\forest@temp@count=\count650
\forest@n=\count651
\forest@temp@global@count=\count652
\forest@temp@toks=\toks82
\forest@temparray@M=\count653
\forest@temparray@N=\count654
\forest@global@temparray@M=\count655
\forest@global@temparray@N=\count656
\forest@isnum@count=\count657
\forest@isdim@nonintpart=\count658
\forest@isdim@dimen=\dimen484
\forest@sort@m=\count659
\forest@sort@k=\count660
\forest@sort@p=\count661
\bracket@content=\toks83
\bracket@afterthought=\toks84
\forest@node@maxid=\count662
\forest@process@left@M=\count663
\forest@process@left@N=\count664
\forest@process@right@M=\count665
\forest@process@right@N=\count666
\forest@process@saved@M=\count667
\forest@process@saved@N=\count668
\forest@process@result@M=\count669
\forest@process@result@N=\count670
\forest@process@n=\count671
\forest@nodewalk@branch@toks=\toks85
\forest@nodewalk@shortsteps@resolution=\toks86
\forest@do@dynamics=\toks87
\forest@box=\box258
\forest@xg=\dimen485
\forest@yg=\dimen486
\forest@xs=\dimen487
\forest@ys=\dimen488
\forest@pi@toks=\toks88
\forest@segment@toks=\toks89
\forest@PIi@toks=\toks90
\forest@PIii@toks=\toks91
\forest@copy@in=\read6
\forest@copy@out=\write6
\forest@externalize@max@outer@n=\count672
\forest@externalize@inner@n=\count673
)) (../../../../../preambule/pr_maths.sty) (../../../../../preambule/pr_raz.sty)) (C:\Users\thoma\AppData\Local\Programs\MiKTeX\tex/latex/float\float.sty
Package: float 2001/11/08 v1.3d Float enhancements (AL)
\c@float@type=\count674
\float@exts=\toks92
\float@box=\box259
\@float@everytoks=\toks93
\@floatcapt=\box260
) (C:\Users\thoma\AppData\Local\Programs\MiKTeX\tex/latex/base\fontenc.sty
Package: fontenc 2021/04/29 v2.0v Standard LaTeX package
)
Package translations Info: No language package found. I am going to use `english' as default language. on input line 42.
 (C:\Users\thoma\AppData\Local\Programs\MiKTeX\tex/latex/base\textcomp.sty
Package: textcomp 2024/04/24 v2.1b Standard LaTeX package
)
Package csquotes Info: Checking for multilingual support...
Package csquotes Info: ... none found.
 (C107-TP1-integration_correction.aux)
\openout1 = `C107-TP1-integration_correction.aux'.

LaTeX Font Info:    Checking defaults for OML/cmm/m/it on input line 42.
LaTeX Font Info:    ... okay on input line 42.
LaTeX Font Info:    Checking defaults for OMS/cmsy/m/n on input line 42.
LaTeX Font Info:    ... okay on input line 42.
LaTeX Font Info:    Checking defaults for OT1/cmr/m/n on input line 42.
LaTeX Font Info:    ... okay on input line 42.
LaTeX Font Info:    Checking defaults for T1/cmr/m/n on input line 42.
LaTeX Font Info:    ... okay on input line 42.
LaTeX Font Info:    Checking defaults for TS1/cmr/m/n on input line 42.
LaTeX Font Info:    ... okay on input line 42.
LaTeX Font Info:    Checking defaults for OMX/cmex/m/n on input line 42.
LaTeX Font Info:    ... okay on input line 42.
LaTeX Font Info:    Checking defaults for U/cmr/m/n on input line 42.
LaTeX Font Info:    ... okay on input line 42.
LaTeX Font Info:    Checking defaults for PD1/pdf/m/n on input line 42.
LaTeX Font Info:    ... okay on input line 42.
LaTeX Font Info:    Checking defaults for PU/pdf/m/n on input line 42.
LaTeX Font Info:    ... okay on input line 42.
 (C:\Users\thoma\AppData\Local\Programs\MiKTeX\tex/context/base/mkii\supp-pdf.mkii
[Loading MPS to PDF converter (version 2006.09.02).]
\scratchcounter=\count675
\scratchdimen=\dimen489
\scratchbox=\box261
\nofMPsegments=\count676
\nofMParguments=\count677
\everyMPshowfont=\toks94
\MPscratchCnt=\count678
\MPscratchDim=\dimen490
\MPnumerator=\count679
\makeMPintoPDFobject=\count680
\everyMPtoPDFconversion=\toks95
) (C:\Users\thoma\AppData\Local\Programs\MiKTeX\tex/latex/epstopdf-pkg\epstopdf-base.sty
Package: epstopdf-base 2020-01-24 v2.11 Base part for package epstopdf
Package epstopdf-base Info: Redefining graphics rule for `.eps' on input line 485.
 (C:\Users\thoma\AppData\Local\Programs\MiKTeX\tex/latex/00miktex\epstopdf-sys.cfg
File: epstopdf-sys.cfg 2021/03/18 v2.0 Configuration of epstopdf for MiKTeX
)) (C:\Users\thoma\AppData\Local\Programs\MiKTeX\tex/latex/ninecolors\ninecolors.sty
Package: ninecolors 2022-02-13 v2022D Select colors with proper color contrast
) (C:\Users\thoma\AppData\Local\Programs\MiKTeX\tex/latex/translations/dicts\translations-basic-dictionary-english.trsl
File: translations-basic-dictionary-english.trsl (english translation file `translations-basic-dictionary')
)
Package translations Info: loading dictionary `translations-basic-dictionary' for `english'. on input line 42.
\c@lstlisting=\count681
 (C:\Users\thoma\AppData\Local\Programs\MiKTeX\tex/latex/base\inputenc.sty
Package: inputenc 2024/02/08 v1.3d Input encoding file
\inpenc@prehook=\toks96
\inpenc@posthook=\toks97
)
\c__nicematrix_shift_Ldots_last_row_dim=\dimen491
\c__nicematrix_shift_exterior_Vdots_dim=\dimen492
\c__nicematrix_innersep_middle_dim=\dimen493
\c@tabularnotesi=\count682
\enitdp@tabularnotes=\count683
\c@tabularnotes*i=\count684
\enitdp@tabularnotes*=\count685

*geometry* driver: auto-detecting
*geometry* detected driver: pdftex
*geometry* verbose mode - [ preamble ] result:
* driver: pdftex
* paper: a4paper
* layout: <same size as paper>
* layoutoffset:(h,v)=(0.0pt,0.0pt)
* modes: 
* h-part:(L,W,R)=(28.45274pt, 540.60239pt, 28.45274pt)
* v-part:(T,H,B)=(51.21504pt, 742.61676pt, 51.21504pt)
* \paperwidth=597.50787pt
* \paperheight=845.04684pt
* \textwidth=540.60239pt
* \textheight=742.61676pt
* \oddsidemargin=-43.81725pt
* \evensidemargin=-43.81725pt
* \topmargin=-59.56488pt
* \headheight=13.59999pt
* \headsep=25.0pt
* \topskip=10.0pt
* \footskip=30.0pt
* \marginparwidth=57.0pt
* \marginparsep=11.0pt
* \columnsep=10.0pt
* \skip\footins=9.0pt plus 4.0pt minus 2.0pt
* \hoffset=0.0pt
* \voffset=0.0pt
* \mag=1000
* \@twocolumnfalse
* \@twosidefalse
* \@mparswitchfalse
* \@reversemarginfalse
* (1in=72.27pt=25.4mm, 1cm=28.453pt)

Package hyperref Info: Link coloring OFF on input line 42.
(C107-TP1-integration_correction.out) (C107-TP1-integration_correction.out)
\@outlinefile=\write7
\openout7 = `C107-TP1-integration_correction.out'.

Package newfloat Info: Trying Plan B...
Package newfloat Info: `float' package detected.

No file pythontex-files-C107-TP1-integration_correction/C107-TP1-integration_correction.pytxmcr.
Run PythonTeX to create it.
(C:\Users\thoma\AppData\Local\Programs\MiKTeX\tex/latex/pdflscape\pdflscape.sty
Package: pdflscape 2022-10-27 v0.13 Display of landscape pages in PDF
 (C:\Users\thoma\AppData\Local\Programs\MiKTeX\tex/latex/pdflscape\pdflscape-nometadata.sty
Package: pdflscape-nometadata 2022-10-28 v0.13 Display of landscape pages in PDF (HO)
 (C:\Users\thoma\AppData\Local\Programs\MiKTeX\tex/latex/graphics\lscape.sty
Package: lscape 2020/05/28 v3.02 Landscape Pages (DPC)
)
Package pdflscape Info: Auto-detected driver: pdftex on input line 81.
))
Package pgfplots notification 'compat/show suggested version=true': document has been generated with the most recent feature set (\pgfplotsset{compat=1.18}).

LaTeX Font Info:    Trying to load font information for U+msa on input line 51.
(C:\Users\thoma\AppData\Local\Programs\MiKTeX\tex/latex/amsfonts\umsa.fd
File: umsa.fd 2013/01/14 v3.01 AMS symbols A
)
LaTeX Font Info:    Trying to load font information for U+msb on input line 51.
 (C:\Users\thoma\AppData\Local\Programs\MiKTeX\tex/latex/amsfonts\umsb.fd
File: umsb.fd 2013/01/14 v3.01 AMS symbols B
)

[1{C:/Users/thoma/AppData/Local/MiKTeX/fonts/map/pdftex/pdftex.map}

]
\tf@thm=\write8
\openout8 = `C107-TP1-integration_correction.thm'.



[2] 
enddocument/afterlastpage (AED): lastpage setting LastPage.
(C107-TP1-integration_correction.aux)
 ***********
LaTeX2e <2024-11-01> patch level 2
L3 programming layer <2025-01-18>
 ***********
Package rerunfilecheck Info: File `C107-TP1-integration_correction.out' has not changed.
(rerunfilecheck)             Checksum: D41D8CD98F00B204E9800998ECF8427E;0.
 ) 
Here is how much of TeX's memory you used:
 82438 strings out of 473530
 1973312 string characters out of 5714794
 2710626 words of memory out of 5000000
 104530 multiletter control sequences out of 15000+600000
 564686 words of font info for 50 fonts, out of 8000000 for 9000
 1141 hyphenation exceptions out of 8191
 147i,11n,149p,2862b,1240s stack positions out of 10000i,1000n,20000p,200000b,200000s
 <C:\Users\thoma\AppData\Local\MiKTeX\fonts/pk/ljfour/jknappen/ec/dpi600\ectt1000.pk> <C:\Users\thoma\AppData\Local\MiKTeX\fonts/pk/ljfour/jknappen/ec/dpi600\ecbx1000.pk> <C:\Users\thoma\AppData\Local\MiKTeX\fonts/pk/ljfour/jknappen/ec/dpi600\ecrm0800.pk> <C:\Users\thoma\AppData\Local\MiKTeX\fonts/pk/ljfour/jknappen/ec/dpi600\ecrm1000.pk><C:/Users/thoma/AppData/Local/Programs/MiKTeX/fonts/type1/public/amsfonts/cm/cmex10.pfb><C:/Users/thoma/AppData/Local/Programs/MiKTeX/fonts/type1/public/amsfonts/cm/cmmi10.pfb><C:/Users/thoma/AppData/Local/Programs/MiKTeX/fonts/type1/public/amsfonts/cm/cmmi7.pfb><C:/Users/thoma/AppData/Local/Programs/MiKTeX/fonts/type1/public/amsfonts/cm/cmr10.pfb><C:/Users/thoma/AppData/Local/Programs/MiKTeX/fonts/type1/public/amsfonts/cm/cmr7.pfb><C:/Users/thoma/AppData/Local/Programs/MiKTeX/fonts/type1/public/amsfonts/cm/cmsy10.pfb><C:/Users/thoma/AppData/Local/Programs/MiKTeX/fonts/type1/public/amsfonts/cm/cmsy7.pfb><C:/Users/thoma/AppData/Local/Programs/MiKTeX/fonts/type1/public/amsfonts/symbols/msbm10.pfb>
Output written on C107-TP1-integration_correction.pdf (2 pages, 133150 bytes).
PDF statistics:
 228 PDF objects out of 1000 (max. 8388607)
 18 named destinations out of 1000 (max. 500000)
 13 words of extra memory for PDF output out of 10000 (max. 10000000)

